# JRE version: Java(TM) SE Runtime Environment (8.0_91-b14) (build 1.8.0_91-b14)
# Java VM: Java HotSpot(TM) 64-Bit Server VM (25.91-b14 mixed mode linux-amd64 compressed oops)
Heap:
 PSYoungGen      total 265216K, used 20988K [0x00000000eab00000, 0x00000000fc400000, 0x0000000100000000)
  eden space 244224K, 0% used [0x00000000eab00000,0x00000000eab00000,0x00000000f9980000)
  from space 20992K, 99% used [0x00000000f9980000,0x00000000fadff028,0x00000000fae00000)
  to   space 19456K, 0% used [0x00000000fae00000,0x00000000fae00000,0x00000000fc100000)
 ParOldGen       total 62464K, used 43770K [0x00000000c0000000, 0x00000000c3d00000, 0x00000000eab00000)
  object space 62464K, 70% used [0x00000000c0000000,0x00000000c2abe9e0,0x00000000c3d00000)
 Metaspace       used 48908K, capacity 50394K, committed 50648K, reserved 1093632K
  class space    used 6550K, capacity 6851K, committed 6872K, reserved 1048576K
GC Heap History (10 events):
Event: 10.442 GC heap after
Heap after GC invocations=11 (full 2):
 PSYoungGen      total 129024K, used 0K [0x00000000eab00000, 0x00000000f7380000, 0x0000000100000000)
  eden space 112128K, 0% used [0x00000000eab00000,0x00000000eab00000,0x00000000f1880000)
  from space 16896K, 0% used [0x00000000f1880000,0x00000000f1880000,0x00000000f2900000)
  to   space 17408K, 0% used [0x00000000f6280000,0x00000000f6280000,0x00000000f7380000)
 ParOldGen       total 62464K, used 25013K [0x00000000c0000000, 0x00000000c3d00000, 0x00000000eab00000)
  object space 62464K, 40% used [0x00000000c0000000,0x00000000c186d488,0x00000000c3d00000)
 Metaspace       used 34696K, capacity 35414K, committed 35416K, reserved 1079296K
  class space    used 4757K, capacity 4952K, committed 4952K, reserved 1048576K
}
Event: 12.518 GC heap before
{Heap before GC invocations=12 (full 2):
 PSYoungGen      total 129024K, used 112128K [0x00000000eab00000, 0x00000000f7380000, 0x0000000100000000)
  eden space 112128K, 100% used [0x00000000eab00000,0x00000000f1880000,0x00000000f1880000)
  from space 16896K, 0% used [0x00000000f1880000,0x00000000f1880000,0x00000000f2900000)
  to   space 17408K, 0% used [0x00000000f6280000,0x00000000f6280000,0x00000000f7380000)
 ParOldGen       total 62464K, used 25013K [0x00000000c0000000, 0x00000000c3d00000, 0x00000000eab00000)
  object space 62464K, 40% used [0x00000000c0000000,0x00000000c186d488,0x00000000c3d00000)
 Metaspace       used 38523K, capacity 39424K, committed 39768K, reserved 1083392K
  class space    used 5359K, capacity 5608K, committed 5720K, reserved 1048576K
Event: 12.562 GC heap after
Heap after GC invocations=12 (full 2):
 PSYoungGen      total 181760K, used 10614K [0x00000000eab00000, 0x00000000f7080000, 0x0000000100000000)
  eden space 167424K, 0% used [0x00000000eab00000,0x00000000eab00000,0x00000000f4e80000)
  from space 14336K, 74% used [0x00000000f6280000,0x00000000f6cdd860,0x00000000f7080000)
  to   space 17408K, 0% used [0x00000000f4e80000,0x00000000f4e80000,0x00000000f5f80000)
 ParOldGen       total 62464K, used 25021K [0x00000000c0000000, 0x00000000c3d00000, 0x00000000eab00000)
  object space 62464K, 40% used [0x00000000c0000000,0x00000000c186f488,0x00000000c3d00000)
 Metaspace       used 38523K, capacity 39424K, committed 39768K, reserved 1083392K
  class space    used 5359K, capacity 5608K, committed 5720K, reserved 1048576K
}
Event: 15.337 GC heap before
{Heap before GC invocations=13 (full 2):
 PSYoungGen      total 181760K, used 178038K [0x00000000eab00000, 0x00000000f7080000, 0x0000000100000000)
  eden space 167424K, 100% used [0x00000000eab00000,0x00000000f4e80000,0x00000000f4e80000)
  from space 14336K, 74% used [0x00000000f6280000,0x00000000f6cdd860,0x00000000f7080000)
  to   space 17408K, 0% used [0x00000000f4e80000,0x00000000f4e80000,0x00000000f5f80000)
 ParOldGen       total 62464K, used 25021K [0x00000000c0000000, 0x00000000c3d00000, 0x00000000eab00000)
  object space 62464K, 40% used [0x00000000c0000000,0x00000000c186f488,0x00000000c3d00000)
 Metaspace       used 40684K, capacity 41580K, committed 41688K, reserved 1085440K
  class space    used 5616K, capacity 5834K, committed 5848K, reserved 1048576K
Event: 15.360 GC heap after
Heap after GC invocations=13 (full 2):
 PSYoungGen      total 184832K, used 16377K [0x00000000eab00000, 0x00000000fc100000, 0x0000000100000000)
  eden space 167424K, 0% used [0x00000000eab00000,0x00000000eab00000,0x00000000f4e80000)
  from space 17408K, 94% used [0x00000000f4e80000,0x00000000f5e7e710,0x00000000f5f80000)
  to   space 19456K, 0% used [0x00000000fae00000,0x00000000fae00000,0x00000000fc100000)
 ParOldGen       total 62464K, used 25029K [0x00000000c0000000, 0x00000000c3d00000, 0x00000000eab00000)
  object space 62464K, 40% used [0x00000000c0000000,0x00000000c1871488,0x00000000c3d00000)
 Metaspace       used 40684K, capacity 41580K, committed 41688K, reserved 1085440K
  class space    used 5616K, capacity 5834K, committed 5848K, reserved 1048576K
}
Event: 17.958 GC heap before
{Heap before GC invocations=14 (full 2):
 PSYoungGen      total 184832K, used 85118K [0x00000000eab00000, 0x00000000fc100000, 0x0000000100000000)
  eden space 167424K, 41% used [0x00000000eab00000,0x00000000eee212e8,0x00000000f4e80000)
  from space 17408K, 94% used [0x00000000f4e80000,0x00000000f5e7e710,0x00000000f5f80000)
  to   space 19456K, 0% used [0x00000000fae00000,0x00000000fae00000,0x00000000fc100000)
 ParOldGen       total 62464K, used 25029K [0x00000000c0000000, 0x00000000c3d00000, 0x00000000eab00000)
  object space 62464K, 40% used [0x00000000c0000000,0x00000000c1871488,0x00000000c3d00000)
 Metaspace       used 42864K, capacity 44156K, committed 44376K, reserved 1087488K
  class space    used 5913K, capacity 6205K, committed 6232K, reserved 1048576K
Event: 18.014 GC heap after
Heap after GC invocations=14 (full 2):
 PSYoungGen      total 263680K, used 15204K [0x00000000eab00000, 0x00000000fc400000, 0x0000000100000000)
  eden space 244224K, 0% used [0x00000000eab00000,0x00000000eab00000,0x00000000f9980000)
  from space 19456K, 78% used [0x00000000fae00000,0x00000000fbcd9370,0x00000000fc100000)
  to   space 20992K, 0% used [0x00000000f9980000,0x00000000f9980000,0x00000000fae00000)
 ParOldGen       total 62464K, used 25037K [0x00000000c0000000, 0x00000000c3d00000, 0x00000000eab00000)
  object space 62464K, 40% used [0x00000000c0000000,0x00000000c1873488,0x00000000c3d00000)
 Metaspace       used 42864K, capacity 44156K, committed 44376K, reserved 1087488K
  class space    used 5913K, capacity 6205K, committed 6232K, reserved 1048576K
}
Event: 18.014 GC heap before
{Heap before GC invocations=15 (full 3):
 PSYoungGen      total 263680K, used 15204K [0x00000000eab00000, 0x00000000fc400000, 0x0000000100000000)
  eden space 244224K, 0% used [0x00000000eab00000,0x00000000eab00000,0x00000000f9980000)
  from space 19456K, 78% used [0x00000000fae00000,0x00000000fbcd9370,0x00000000fc100000)
  to   space 20992K, 0% used [0x00000000f9980000,0x00000000f9980000,0x00000000fae00000)
 ParOldGen       total 62464K, used 25037K [0x00000000c0000000, 0x00000000c3d00000, 0x00000000eab00000)
  object space 62464K, 40% used [0x00000000c0000000,0x00000000c1873488,0x00000000c3d00000)
 Metaspace       used 42864K, capacity 44156K, committed 44376K, reserved 1087488K
  class space    used 5913K, capacity 6205K, committed 6232K, reserved 1048576K
Event: 18.325 GC heap after
Heap after GC invocations=15 (full 3):
 PSYoungGen      total 263680K, used 0K [0x00000000eab00000, 0x00000000fc400000, 0x0000000100000000)
  eden space 244224K, 0% used [0x00000000eab00000,0x00000000eab00000,0x00000000f9980000)
  from space 19456K, 0% used [0x00000000fae00000,0x00000000fae00000,0x00000000fc100000)
  to   space 20992K, 0% used [0x00000000f9980000,0x00000000f9980000,0x00000000fae00000)
 ParOldGen       total 62464K, used 34153K [0x00000000c0000000, 0x00000000c3d00000, 0x00000000eab00000)
  object space 62464K, 54% used [0x00000000c0000000,0x00000000c215a6d8,0x00000000c3d00000)
 Metaspace       used 42864K, capacity 44156K, committed 44376K, reserved 1087488K
  class space    used 5913K, capacity 6205K, committed 6232K, reserved 1048576K
}
Event: 1466.124 GC heap before
{Heap before GC invocations=16 (full 3):
 PSYoungGen      total 263680K, used 244224K [0x00000000eab00000, 0x00000000fc400000, 0x0000000100000000)
  eden space 244224K, 100% used [0x00000000eab00000,0x00000000f9980000,0x00000000f9980000)
  from space 19456K, 0% used [0x00000000fae00000,0x00000000fae00000,0x00000000fc100000)
  to   space 20992K, 0% used [0x00000000f9980000,0x00000000f9980000,0x00000000fae00000)
 ParOldGen       total 62464K, used 34153K [0x00000000c0000000, 0x00000000c3d00000, 0x00000000eab00000)
  object space 62464K, 54% used [0x00000000c0000000,0x00000000c215a6d8,0x00000000c3d00000)
 Metaspace       used 48908K, capacity 50394K, committed 50648K, reserved 1093632K
  class space    used 6550K, capacity 6851K, committed 6872K, reserved 1048576K

