# JRE version: Java(TM) SE Runtime Environment (8.0_91-b14) (build 1.8.0_91-b14)
# Java VM: Java HotSpot(TM) 64-Bit Server VM (25.91-b14 mixed mode linux-amd64 compressed oops)
Heap:
 PSYoungGen      total 186880K, used 45030K [0x00000000eab00000, 0x00000000f9f00000, 0x0000000100000000)
  eden space 141824K, 0% used [0x00000000eab00000,0x00000000eab00000,0x00000000f3580000)
  from space 45056K, 99% used [0x00000000f4700000,0x00000000f72f9838,0x00000000f7300000)
  to   space 32256K, 0% used [0x00000000f7f80000,0x00000000f7f80000,0x00000000f9f00000)
 ParOldGen       total 130560K, used 130157K [0x00000000c0000000, 0x00000000c7f80000, 0x00000000eab00000)
  object space 130560K, 99% used [0x00000000c0000000,0x00000000c7f1b4e0,0x00000000c7f80000)
 Metaspace       used 6438K, capacity 7256K, committed 7424K, reserved 1056768K
  class space    used 614K, capacity 656K, committed 768K, reserved 1048576K
GC Heap History (10 events):
Event: 7.191 GC heap after
Heap after GC invocations=7 (full 0):
 PSYoungGen      total 70144K, used 10208K [0x00000000eab00000, 0x00000000f3d00000, 0x0000000100000000)
  eden space 59904K, 0% used [0x00000000eab00000,0x00000000eab00000,0x00000000ee580000)
  from space 10240K, 99% used [0x00000000ee580000,0x00000000eef78010,0x00000000eef80000)
  to   space 14848K, 0% used [0x00000000f2e80000,0x00000000f2e80000,0x00000000f3d00000)
 ParOldGen       total 40960K, used 15286K [0x00000000c0000000, 0x00000000c2800000, 0x00000000eab00000)
  object space 40960K, 37% used [0x00000000c0000000,0x00000000c0eed830,0x00000000c2800000)
 Metaspace       used 6152K, capacity 7064K, committed 7424K, reserved 1056768K
  class space    used 613K, capacity 656K, committed 768K, reserved 1048576K
}
Event: 7.888 GC heap before
{Heap before GC invocations=8 (full 0):
 PSYoungGen      total 70144K, used 70112K [0x00000000eab00000, 0x00000000f3d00000, 0x0000000100000000)
  eden space 59904K, 100% used [0x00000000eab00000,0x00000000ee580000,0x00000000ee580000)
  from space 10240K, 99% used [0x00000000ee580000,0x00000000eef78010,0x00000000eef80000)
  to   space 14848K, 0% used [0x00000000f2e80000,0x00000000f2e80000,0x00000000f3d00000)
 ParOldGen       total 40960K, used 15286K [0x00000000c0000000, 0x00000000c2800000, 0x00000000eab00000)
  object space 40960K, 37% used [0x00000000c0000000,0x00000000c0eed830,0x00000000c2800000)
 Metaspace       used 6187K, capacity 7064K, committed 7424K, reserved 1056768K
  class space    used 613K, capacity 656K, committed 768K, reserved 1048576K
Event: 8.049 GC heap after
Heap after GC invocations=8 (full 0):
 PSYoungGen      total 130560K, used 14819K [0x00000000eab00000, 0x00000000f4500000, 0x0000000100000000)
  eden space 115712K, 0% used [0x00000000eab00000,0x00000000eab00000,0x00000000f1c00000)
  from space 14848K, 99% used [0x00000000f2e80000,0x00000000f3cf8ec8,0x00000000f3d00000)
  to   space 18944K, 0% used [0x00000000f1c00000,0x00000000f1c00000,0x00000000f2e80000)
 ParOldGen       total 40960K, used 19088K [0x00000000c0000000, 0x00000000c2800000, 0x00000000eab00000)
  object space 40960K, 46% used [0x00000000c0000000,0x00000000c12a4220,0x00000000c2800000)
 Metaspace       used 6187K, capacity 7064K, committed 7424K, reserved 1056768K
  class space    used 613K, capacity 656K, committed 768K, reserved 1048576K
}
Event: 11.696 GC heap before
{Heap before GC invocations=9 (full 0):
 PSYoungGen      total 130560K, used 130531K [0x00000000eab00000, 0x00000000f4500000, 0x0000000100000000)
  eden space 115712K, 100% used [0x00000000eab00000,0x00000000f1c00000,0x00000000f1c00000)
  from space 14848K, 99% used [0x00000000f2e80000,0x00000000f3cf8ec8,0x00000000f3d00000)
  to   space 18944K, 0% used [0x00000000f1c00000,0x00000000f1c00000,0x00000000f2e80000)
 ParOldGen       total 40960K, used 19088K [0x00000000c0000000, 0x00000000c2800000, 0x00000000eab00000)
  object space 40960K, 46% used [0x00000000c0000000,0x00000000c12a4220,0x00000000c2800000)
 Metaspace       used 6376K, capacity 7192K, committed 7424K, reserved 1056768K
  class space    used 613K, capacity 656K, committed 768K, reserved 1048576K
Event: 12.139 GC heap after
Heap after GC invocations=9 (full 0):
 PSYoungGen      total 134656K, used 18921K [0x00000000eab00000, 0x00000000f9f00000, 0x0000000100000000)
  eden space 115712K, 0% used [0x00000000eab00000,0x00000000eab00000,0x00000000f1c00000)
  from space 18944K, 99% used [0x00000000f1c00000,0x00000000f2e7a580,0x00000000f2e80000)
  to   space 32256K, 0% used [0x00000000f7f80000,0x00000000f7f80000,0x00000000f9f00000)
 ParOldGen       total 44544K, used 44165K [0x00000000c0000000, 0x00000000c2b80000, 0x00000000eab00000)
  object space 44544K, 99% used [0x00000000c0000000,0x00000000c2b21720,0x00000000c2b80000)
 Metaspace       used 6376K, capacity 7192K, committed 7424K, reserved 1056768K
  class space    used 613K, capacity 656K, committed 768K, reserved 1048576K
}
Event: 12.139 GC heap before
{Heap before GC invocations=10 (full 1):
 PSYoungGen      total 134656K, used 18921K [0x00000000eab00000, 0x00000000f9f00000, 0x0000000100000000)
  eden space 115712K, 0% used [0x00000000eab00000,0x00000000eab00000,0x00000000f1c00000)
  from space 18944K, 99% used [0x00000000f1c00000,0x00000000f2e7a580,0x00000000f2e80000)
  to   space 32256K, 0% used [0x00000000f7f80000,0x00000000f7f80000,0x00000000f9f00000)
 ParOldGen       total 44544K, used 44165K [0x00000000c0000000, 0x00000000c2b80000, 0x00000000eab00000)
  object space 44544K, 99% used [0x00000000c0000000,0x00000000c2b21720,0x00000000c2b80000)
 Metaspace       used 6376K, capacity 7192K, committed 7424K, reserved 1056768K
  class space    used 613K, capacity 656K, committed 768K, reserved 1048576K
Event: 14.297 GC heap after
Heap after GC invocations=10 (full 1):
 PSYoungGen      total 134656K, used 15817K [0x00000000eab00000, 0x00000000f9f00000, 0x0000000100000000)
  eden space 115712K, 0% used [0x00000000eab00000,0x00000000eab00000,0x00000000f1c00000)
  from space 18944K, 83% used [0x00000000f1c00000,0x00000000f2b725f0,0x00000000f2e80000)
  to   space 32256K, 0% used [0x00000000f7f80000,0x00000000f7f80000,0x00000000f9f00000)
 ParOldGen       total 83968K, used 44062K [0x00000000c0000000, 0x00000000c5200000, 0x00000000eab00000)
  object space 83968K, 52% used [0x00000000c0000000,0x00000000c2b07b80,0x00000000c5200000)
 Metaspace       used 6376K, capacity 7192K, committed 7424K, reserved 1056768K
  class space    used 613K, capacity 656K, committed 768K, reserved 1048576K
}
Event: 19.373 GC heap before
{Heap before GC invocations=11 (full 1):
 PSYoungGen      total 134656K, used 131529K [0x00000000eab00000, 0x00000000f9f00000, 0x0000000100000000)
  eden space 115712K, 100% used [0x00000000eab00000,0x00000000f1c00000,0x00000000f1c00000)
  from space 18944K, 83% used [0x00000000f1c00000,0x00000000f2b725f0,0x00000000f2e80000)
  to   space 32256K, 0% used [0x00000000f7f80000,0x00000000f7f80000,0x00000000f9f00000)
 ParOldGen       total 83968K, used 44062K [0x00000000c0000000, 0x00000000c5200000, 0x00000000eab00000)
  object space 83968K, 52% used [0x00000000c0000000,0x00000000c2b07b80,0x00000000c5200000)
 Metaspace       used 6434K, capacity 7256K, committed 7424K, reserved 1056768K
  class space    used 613K, capacity 656K, committed 768K, reserved 1048576K
Event: 19.705 GC heap after
Heap after GC invocations=11 (full 1):
 PSYoungGen      total 174080K, used 32226K [0x00000000eab00000, 0x00000000f9f00000, 0x0000000100000000)
  eden space 141824K, 0% used [0x00000000eab00000,0x00000000eab00000,0x00000000f3580000)
  from space 32256K, 99% used [0x00000000f7f80000,0x00000000f9ef8bd0,0x00000000f9f00000)
  to   space 45056K, 0% used [0x00000000f4700000,0x00000000f4700000,0x00000000f7300000)
 ParOldGen       total 83968K, used 62734K [0x00000000c0000000, 0x00000000c5200000, 0x00000000eab00000)
  object space 83968K, 74% used [0x00000000c0000000,0x00000000c3d43a40,0x00000000c5200000)
 Metaspace       used 6434K, capacity 7256K, committed 7424K, reserved 1056768K
  class space    used 613K, capacity 656K, committed 768K, reserved 1048576K
}
Event: 20.165 GC heap before
{Heap before GC invocations=12 (full 1):
 PSYoungGen      total 174080K, used 174050K [0x00000000eab00000, 0x00000000f9f00000, 0x0000000100000000)
  eden space 141824K, 100% used [0x00000000eab00000,0x00000000f3580000,0x00000000f3580000)
  from space 32256K, 99% used [0x00000000f7f80000,0x00000000f9ef8bd0,0x00000000f9f00000)
  to   space 45056K, 0% used [0x00000000f4700000,0x00000000f4700000,0x00000000f7300000)
 ParOldGen       total 83968K, used 62734K [0x00000000c0000000, 0x00000000c5200000, 0x00000000eab00000)
  object space 83968K, 74% used [0x00000000c0000000,0x00000000c3d43a40,0x00000000c5200000)
 Metaspace       used 6438K, capacity 7256K, committed 7424K, reserved 1056768K
  class space    used 614K, capacity 656K, committed 768K, reserved 1048576K

