# JRE version: Java(TM) SE Runtime Environment (8.0_91-b14) (build 1.8.0_91-b14)
# Java VM: Java HotSpot(TM) 64-Bit Server VM (25.91-b14 mixed mode linux-amd64 compressed oops)
Heap:
 PSYoungGen      total 178176K, used 10645K [0x00000000eab00000, 0x00000000fa180000, 0x0000000100000000)
  eden space 145408K, 0% used [0x00000000eab00000,0x00000000eab00000,0x00000000f3900000)
  from space 32768K, 32% used [0x00000000f8180000,0x00000000f8be5770,0x00000000fa180000)
  to   space 46080K, 0% used [0x00000000f4780000,0x00000000f4780000,0x00000000f7480000)
 ParOldGen       total 84480K, used 84473K [0x00000000c0000000, 0x00000000c5280000, 0x00000000eab00000)
  object space 84480K, 99% used [0x00000000c0000000,0x00000000c527e5a0,0x00000000c5280000)
 Metaspace       used 6440K, capacity 7256K, committed 7424K, reserved 1056768K
  class space    used 613K, capacity 656K, committed 768K, reserved 1048576K
GC Heap History (10 events):
Event: 7.625 GC heap after
Heap after GC invocations=7 (full 0):
 PSYoungGen      total 70656K, used 10208K [0x00000000eab00000, 0x00000000f3e00000, 0x0000000100000000)
  eden space 60416K, 0% used [0x00000000eab00000,0x00000000eab00000,0x00000000ee600000)
  from space 10240K, 99% used [0x00000000ee600000,0x00000000eeff8010,0x00000000ef000000)
  to   space 14848K, 0% used [0x00000000f2f80000,0x00000000f2f80000,0x00000000f3e00000)
 ParOldGen       total 40960K, used 15372K [0x00000000c0000000, 0x00000000c2800000, 0x00000000eab00000)
  object space 40960K, 37% used [0x00000000c0000000,0x00000000c0f033e8,0x00000000c2800000)
 Metaspace       used 6062K, capacity 6936K, committed 7168K, reserved 1056768K
  class space    used 613K, capacity 656K, committed 768K, reserved 1048576K
}
Event: 8.234 GC heap before
{Heap before GC invocations=8 (full 0):
 PSYoungGen      total 70656K, used 70624K [0x00000000eab00000, 0x00000000f3e00000, 0x0000000100000000)
  eden space 60416K, 100% used [0x00000000eab00000,0x00000000ee600000,0x00000000ee600000)
  from space 10240K, 99% used [0x00000000ee600000,0x00000000eeff8010,0x00000000ef000000)
  to   space 14848K, 0% used [0x00000000f2f80000,0x00000000f2f80000,0x00000000f3e00000)
 ParOldGen       total 40960K, used 15372K [0x00000000c0000000, 0x00000000c2800000, 0x00000000eab00000)
  object space 40960K, 37% used [0x00000000c0000000,0x00000000c0f033e8,0x00000000c2800000)
 Metaspace       used 6140K, capacity 7064K, committed 7424K, reserved 1056768K
  class space    used 613K, capacity 656K, committed 768K, reserved 1048576K
Event: 8.347 GC heap after
Heap after GC invocations=8 (full 0):
 PSYoungGen      total 131584K, used 14834K [0x00000000eab00000, 0x00000000f4600000, 0x0000000100000000)
  eden space 116736K, 0% used [0x00000000eab00000,0x00000000eab00000,0x00000000f1d00000)
  from space 14848K, 99% used [0x00000000f2f80000,0x00000000f3dfc8f0,0x00000000f3e00000)
  to   space 18944K, 0% used [0x00000000f1d00000,0x00000000f1d00000,0x00000000f2f80000)
 ParOldGen       total 40960K, used 19421K [0x00000000c0000000, 0x00000000c2800000, 0x00000000eab00000)
  object space 40960K, 47% used [0x00000000c0000000,0x00000000c12f76f8,0x00000000c2800000)
 Metaspace       used 6140K, capacity 7064K, committed 7424K, reserved 1056768K
  class space    used 613K, capacity 656K, committed 768K, reserved 1048576K
}
Event: 12.339 GC heap before
{Heap before GC invocations=9 (full 0):
 PSYoungGen      total 131584K, used 131570K [0x00000000eab00000, 0x00000000f4600000, 0x0000000100000000)
  eden space 116736K, 100% used [0x00000000eab00000,0x00000000f1d00000,0x00000000f1d00000)
  from space 14848K, 99% used [0x00000000f2f80000,0x00000000f3dfc8f0,0x00000000f3e00000)
  to   space 18944K, 0% used [0x00000000f1d00000,0x00000000f1d00000,0x00000000f2f80000)
 ParOldGen       total 40960K, used 19421K [0x00000000c0000000, 0x00000000c2800000, 0x00000000eab00000)
  object space 40960K, 47% used [0x00000000c0000000,0x00000000c12f76f8,0x00000000c2800000)
 Metaspace       used 6390K, capacity 7192K, committed 7424K, reserved 1056768K
  class space    used 613K, capacity 656K, committed 768K, reserved 1048576K
Event: 12.672 GC heap after
Heap after GC invocations=9 (full 0):
 PSYoungGen      total 135680K, used 18931K [0x00000000eab00000, 0x00000000fa180000, 0x0000000100000000)
  eden space 116736K, 0% used [0x00000000eab00000,0x00000000eab00000,0x00000000f1d00000)
  from space 18944K, 99% used [0x00000000f1d00000,0x00000000f2f7cea0,0x00000000f2f80000)
  to   space 32768K, 0% used [0x00000000f8180000,0x00000000f8180000,0x00000000fa180000)
 ParOldGen       total 45056K, used 44635K [0x00000000c0000000, 0x00000000c2c00000, 0x00000000eab00000)
  object space 45056K, 99% used [0x00000000c0000000,0x00000000c2b96e28,0x00000000c2c00000)
 Metaspace       used 6390K, capacity 7192K, committed 7424K, reserved 1056768K
  class space    used 613K, capacity 656K, committed 768K, reserved 1048576K
}
Event: 12.672 GC heap before
{Heap before GC invocations=10 (full 1):
 PSYoungGen      total 135680K, used 18931K [0x00000000eab00000, 0x00000000fa180000, 0x0000000100000000)
  eden space 116736K, 0% used [0x00000000eab00000,0x00000000eab00000,0x00000000f1d00000)
  from space 18944K, 99% used [0x00000000f1d00000,0x00000000f2f7cea0,0x00000000f2f80000)
  to   space 32768K, 0% used [0x00000000f8180000,0x00000000f8180000,0x00000000fa180000)
 ParOldGen       total 45056K, used 44635K [0x00000000c0000000, 0x00000000c2c00000, 0x00000000eab00000)
  object space 45056K, 99% used [0x00000000c0000000,0x00000000c2b96e28,0x00000000c2c00000)
 Metaspace       used 6390K, capacity 7192K, committed 7424K, reserved 1056768K
  class space    used 613K, capacity 656K, committed 768K, reserved 1048576K
Event: 14.507 GC heap after
Heap after GC invocations=10 (full 1):
 PSYoungGen      total 135680K, used 15305K [0x00000000eab00000, 0x00000000fa180000, 0x0000000100000000)
  eden space 116736K, 0% used [0x00000000eab00000,0x00000000eab00000,0x00000000f1d00000)
  from space 18944K, 80% used [0x00000000f1d00000,0x00000000f2bf24d0,0x00000000f2f80000)
  to   space 32768K, 0% used [0x00000000f8180000,0x00000000f8180000,0x00000000fa180000)
 ParOldGen       total 84480K, used 44761K [0x00000000c0000000, 0x00000000c5280000, 0x00000000eab00000)
  object space 84480K, 52% used [0x00000000c0000000,0x00000000c2bb6650,0x00000000c5280000)
 Metaspace       used 6390K, capacity 7192K, committed 7424K, reserved 1056768K
  class space    used 613K, capacity 656K, committed 768K, reserved 1048576K
}
Event: 19.078 GC heap before
{Heap before GC invocations=11 (full 1):
 PSYoungGen      total 135680K, used 132041K [0x00000000eab00000, 0x00000000fa180000, 0x0000000100000000)
  eden space 116736K, 100% used [0x00000000eab00000,0x00000000f1d00000,0x00000000f1d00000)
  from space 18944K, 80% used [0x00000000f1d00000,0x00000000f2bf24d0,0x00000000f2f80000)
  to   space 32768K, 0% used [0x00000000f8180000,0x00000000f8180000,0x00000000fa180000)
 ParOldGen       total 84480K, used 44761K [0x00000000c0000000, 0x00000000c5280000, 0x00000000eab00000)
  object space 84480K, 52% used [0x00000000c0000000,0x00000000c2bb6650,0x00000000c5280000)
 Metaspace       used 6440K, capacity 7256K, committed 7424K, reserved 1056768K
  class space    used 613K, capacity 656K, committed 768K, reserved 1048576K
Event: 19.439 GC heap after
Heap after GC invocations=11 (full 1):
 PSYoungGen      total 178176K, used 32741K [0x00000000eab00000, 0x00000000fa180000, 0x0000000100000000)
  eden space 145408K, 0% used [0x00000000eab00000,0x00000000eab00000,0x00000000f3900000)
  from space 32768K, 99% used [0x00000000f8180000,0x00000000fa179568,0x00000000fa180000)
  to   space 46080K, 0% used [0x00000000f4780000,0x00000000f4780000,0x00000000f7480000)
 ParOldGen       total 84480K, used 65875K [0x00000000c0000000, 0x00000000c5280000, 0x00000000eab00000)
  object space 84480K, 77% used [0x00000000c0000000,0x00000000c4054c00,0x00000000c5280000)
 Metaspace       used 6440K, capacity 7256K, committed 7424K, reserved 1056768K
  class space    used 613K, capacity 656K, committed 768K, reserved 1048576K
}
Event: 19.439 GC heap before
{Heap before GC invocations=12 (full 2):
 PSYoungGen      total 178176K, used 32741K [0x00000000eab00000, 0x00000000fa180000, 0x0000000100000000)
  eden space 145408K, 0% used [0x00000000eab00000,0x00000000eab00000,0x00000000f3900000)
  from space 32768K, 99% used [0x00000000f8180000,0x00000000fa179568,0x00000000fa180000)
  to   space 46080K, 0% used [0x00000000f4780000,0x00000000f4780000,0x00000000f7480000)
 ParOldGen       total 84480K, used 65875K [0x00000000c0000000, 0x00000000c5280000, 0x00000000eab00000)
  object space 84480K, 77% used [0x00000000c0000000,0x00000000c4054c00,0x00000000c5280000)
 Metaspace       used 6440K, capacity 7256K, committed 7424K, reserved 1056768K
  class space    used 613K, capacity 656K, committed 768K, reserved 1048576K

