# JRE version: Java(TM) SE Runtime Environment (8.0_77-b03) (build 1.8.0_77-b03)
# Java VM: Java HotSpot(TM) 64-Bit Server VM (25.77-b03 mixed mode linux-amd64 compressed oops)
Heap:
 PSYoungGen      total 232960K, used 0K [0x00000000eab00000, 0x0000000100000000, 0x0000000100000000)
  eden space 116736K, 0% used [0x00000000eab00000,0x00000000eab00000,0x00000000f1d00000)
  from space 116224K, 0% used [0x00000000f1d00000,0x00000000f1d00000,0x00000000f8e80000)
  to   space 116224K, 0% used [0x00000000f8e80000,0x00000000f8e80000,0x0000000100000000)
 ParOldGen       total 286720K, used 243460K [0x00000000c0000000, 0x00000000d1800000, 0x00000000eab00000)
  object space 286720K, 84% used [0x00000000c0000000,0x00000000cedc11c0,0x00000000d1800000)
 Metaspace       used 6480K, capacity 7256K, committed 7424K, reserved 1056768K
  class space    used 615K, capacity 656K, committed 768K, reserved 1048576K
GC Heap History (10 events):
Event: 39.152 GC heap after
Heap after GC invocations=17 (full 3):
 PSYoungGen      total 217600K, used 84476K [0x00000000eab00000, 0x0000000100000000, 0x0000000100000000)
  eden space 133120K, 0% used [0x00000000eab00000,0x00000000eab00000,0x00000000f2d00000)
  from space 84480K, 99% used [0x00000000fad80000,0x00000000fffff220,0x0000000100000000)
  to   space 108032K, 0% used [0x00000000f2d00000,0x00000000f2d00000,0x00000000f9680000)
 ParOldGen       total 286720K, used 244457K [0x00000000c0000000, 0x00000000d1800000, 0x00000000eab00000)
  object space 286720K, 85% used [0x00000000c0000000,0x00000000ceeba7c8,0x00000000d1800000)
 Metaspace       used 6480K, capacity 7256K, committed 7424K, reserved 1056768K
  class space    used 615K, capacity 656K, committed 768K, reserved 1048576K
}
Event: 39.152 GC heap before
{Heap before GC invocations=18 (full 4):
 PSYoungGen      total 217600K, used 84476K [0x00000000eab00000, 0x0000000100000000, 0x0000000100000000)
  eden space 133120K, 0% used [0x00000000eab00000,0x00000000eab00000,0x00000000f2d00000)
  from space 84480K, 99% used [0x00000000fad80000,0x00000000fffff220,0x0000000100000000)
  to   space 108032K, 0% used [0x00000000f2d00000,0x00000000f2d00000,0x00000000f9680000)
 ParOldGen       total 286720K, used 244457K [0x00000000c0000000, 0x00000000d1800000, 0x00000000eab00000)
  object space 286720K, 85% used [0x00000000c0000000,0x00000000ceeba7c8,0x00000000d1800000)
 Metaspace       used 6480K, capacity 7256K, committed 7424K, reserved 1056768K
  class space    used 615K, capacity 656K, committed 768K, reserved 1048576K
Event: 40.049 GC heap after
Heap after GC invocations=18 (full 4):
 PSYoungGen      total 217600K, used 0K [0x00000000eab00000, 0x0000000100000000, 0x0000000100000000)
  eden space 133120K, 0% used [0x00000000eab00000,0x00000000eab00000,0x00000000f2d00000)
  from space 84480K, 0% used [0x00000000fad80000,0x00000000fad80000,0x0000000100000000)
  to   space 108032K, 0% used [0x00000000f2d00000,0x00000000f2d00000,0x00000000f9680000)
 ParOldGen       total 283648K, used 172270K [0x00000000c0000000, 0x00000000d1500000, 0x00000000eab00000)
  object space 283648K, 60% used [0x00000000c0000000,0x00000000ca83b9e0,0x00000000d1500000)
 Metaspace       used 6480K, capacity 7256K, committed 7424K, reserved 1056768K
  class space    used 615K, capacity 656K, committed 768K, reserved 1048576K
}
Event: 40.486 GC heap before
{Heap before GC invocations=19 (full 4):
 PSYoungGen      total 217600K, used 133120K [0x00000000eab00000, 0x0000000100000000, 0x0000000100000000)
  eden space 133120K, 100% used [0x00000000eab00000,0x00000000f2d00000,0x00000000f2d00000)
  from space 84480K, 0% used [0x00000000fad80000,0x00000000fad80000,0x0000000100000000)
  to   space 108032K, 0% used [0x00000000f2d00000,0x00000000f2d00000,0x00000000f9680000)
 ParOldGen       total 283648K, used 172270K [0x00000000c0000000, 0x00000000d1500000, 0x00000000eab00000)
  object space 283648K, 60% used [0x00000000c0000000,0x00000000ca83b9e0,0x00000000d1500000)
 Metaspace       used 6480K, capacity 7256K, committed 7424K, reserved 1056768K
  class space    used 615K, capacity 656K, committed 768K, reserved 1048576K
Event: 40.552 GC heap after
Heap after GC invocations=19 (full 4):
 PSYoungGen      total 241152K, used 56860K [0x00000000eab00000, 0x0000000100000000, 0x0000000100000000)
  eden space 133120K, 0% used [0x00000000eab00000,0x00000000eab00000,0x00000000f2d00000)
  from space 108032K, 52% used [0x00000000f2d00000,0x00000000f6487078,0x00000000f9680000)
  to   space 108032K, 0% used [0x00000000f9680000,0x00000000f9680000,0x0000000100000000)
 ParOldGen       total 283648K, used 172270K [0x00000000c0000000, 0x00000000d1500000, 0x00000000eab00000)
  object space 283648K, 60% used [0x00000000c0000000,0x00000000ca83b9e0,0x00000000d1500000)
 Metaspace       used 6480K, capacity 7256K, committed 7424K, reserved 1056768K
  class space    used 615K, capacity 656K, committed 768K, reserved 1048576K
}
Event: 40.805 GC heap before
{Heap before GC invocations=20 (full 4):
 PSYoungGen      total 241152K, used 189980K [0x00000000eab00000, 0x0000000100000000, 0x0000000100000000)
  eden space 133120K, 100% used [0x00000000eab00000,0x00000000f2d00000,0x00000000f2d00000)
  from space 108032K, 52% used [0x00000000f2d00000,0x00000000f6487078,0x00000000f9680000)
  to   space 108032K, 0% used [0x00000000f9680000,0x00000000f9680000,0x0000000100000000)
 ParOldGen       total 283648K, used 172270K [0x00000000c0000000, 0x00000000d1500000, 0x00000000eab00000)
  object space 283648K, 60% used [0x00000000c0000000,0x00000000ca83b9e0,0x00000000d1500000)
 Metaspace       used 6480K, capacity 7256K, committed 7424K, reserved 1056768K
  class space    used 615K, capacity 656K, committed 768K, reserved 1048576K
Event: 40.951 GC heap after
Heap after GC invocations=20 (full 4):
 PSYoungGen      total 224768K, used 108010K [0x00000000eab00000, 0x0000000100000000, 0x0000000100000000)
  eden space 116736K, 0% used [0x00000000eab00000,0x00000000eab00000,0x00000000f1d00000)
  from space 108032K, 99% used [0x00000000f9680000,0x00000000ffffabc8,0x0000000100000000)
  to   space 116224K, 0% used [0x00000000f1d00000,0x00000000f1d00000,0x00000000f8e80000)
 ParOldGen       total 283648K, used 176783K [0x00000000c0000000, 0x00000000d1500000, 0x00000000eab00000)
  object space 283648K, 62% used [0x00000000c0000000,0x00000000caca3e88,0x00000000d1500000)
 Metaspace       used 6480K, capacity 7256K, committed 7424K, reserved 1056768K
  class space    used 615K, capacity 656K, committed 768K, reserved 1048576K
}
Event: 41.571 GC heap before
{Heap before GC invocations=21 (full 4):
 PSYoungGen      total 224768K, used 224746K [0x00000000eab00000, 0x0000000100000000, 0x0000000100000000)
  eden space 116736K, 100% used [0x00000000eab00000,0x00000000f1d00000,0x00000000f1d00000)
  from space 108032K, 99% used [0x00000000f9680000,0x00000000ffffabc8,0x0000000100000000)
  to   space 116224K, 0% used [0x00000000f1d00000,0x00000000f1d00000,0x00000000f8e80000)
 ParOldGen       total 283648K, used 176783K [0x00000000c0000000, 0x00000000d1500000, 0x00000000eab00000)
  object space 283648K, 62% used [0x00000000c0000000,0x00000000caca3e88,0x00000000d1500000)
 Metaspace       used 6480K, capacity 7256K, committed 7424K, reserved 1056768K
  class space    used 615K, capacity 656K, committed 768K, reserved 1048576K
Event: 41.764 GC heap after
Heap after GC invocations=21 (full 4):
 PSYoungGen      total 232960K, used 22078K [0x00000000eab00000, 0x0000000100000000, 0x0000000100000000)
  eden space 116736K, 0% used [0x00000000eab00000,0x00000000eab00000,0x00000000f1d00000)
  from space 116224K, 18% used [0x00000000f1d00000,0x00000000f328fa08,0x00000000f8e80000)
  to   space 116224K, 0% used [0x00000000f8e80000,0x00000000f8e80000,0x0000000100000000)
 ParOldGen       total 286720K, used 285368K [0x00000000c0000000, 0x00000000d1800000, 0x00000000eab00000)
  object space 286720K, 99% used [0x00000000c0000000,0x00000000d16ae1a0,0x00000000d1800000)
 Metaspace       used 6480K, capacity 7256K, committed 7424K, reserved 1056768K
  class space    used 615K, capacity 656K, committed 768K, reserved 1048576K
}
Event: 41.764 GC heap before
{Heap before GC invocations=22 (full 5):
 PSYoungGen      total 232960K, used 22078K [0x00000000eab00000, 0x0000000100000000, 0x0000000100000000)
  eden space 116736K, 0% used [0x00000000eab00000,0x00000000eab00000,0x00000000f1d00000)
  from space 116224K, 18% used [0x00000000f1d00000,0x00000000f328fa08,0x00000000f8e80000)
  to   space 116224K, 0% used [0x00000000f8e80000,0x00000000f8e80000,0x0000000100000000)
 ParOldGen       total 286720K, used 285368K [0x00000000c0000000, 0x00000000d1800000, 0x00000000eab00000)
  object space 286720K, 99% used [0x00000000c0000000,0x00000000d16ae1a0,0x00000000d1800000)
 Metaspace       used 6480K, capacity 7256K, committed 7424K, reserved 1056768K
  class space    used 615K, capacity 656K, committed 768K, reserved 1048576K

