# JRE version: Java(TM) SE Runtime Environment (8.0_91-b14) (build 1.8.0_91-b14)
# Java VM: Java HotSpot(TM) 64-Bit Server VM (25.91-b14 mixed mode linux-amd64 compressed oops)
Heap:
 PSYoungGen      total 129536K, used 26857K [0x00000000eab00000, 0x00000000f5d80000, 0x0000000100000000)
  eden space 88576K, 0% used [0x00000000eab00000,0x00000000eab00000,0x00000000f0180000)
  from space 40960K, 65% used [0x00000000f0180000,0x00000000f1bba4f8,0x00000000f2980000)
  to   space 38400K, 0% used [0x00000000f2980000,0x00000000f2980000,0x00000000f4f00000)
 ParOldGen       total 77312K, used 20287K [0x00000000c0000000, 0x00000000c4b80000, 0x00000000eab00000)
  object space 77312K, 26% used [0x00000000c0000000,0x00000000c13cffd0,0x00000000c4b80000)
 Metaspace       used 4757K, capacity 5464K, committed 5760K, reserved 1056768K
  class space    used 497K, capacity 528K, committed 640K, reserved 1048576K
GC Heap History (10 events):
Event: 0.599 GC heap after
Heap after GC invocations=3 (full 0):
 PSYoungGen      total 33280K, used 2547K [0x00000000eab00000, 0x00000000eec00000, 0x0000000100000000)
  eden space 30720K, 0% used [0x00000000eab00000,0x00000000eab00000,0x00000000ec900000)
  from space 2560K, 99% used [0x00000000ec900000,0x00000000ecb7cf08,0x00000000ecb80000)
  to   space 2560K, 0% used [0x00000000ee980000,0x00000000ee980000,0x00000000eec00000)
 ParOldGen       total 50176K, used 44786K [0x00000000c0000000, 0x00000000c3100000, 0x00000000eab00000)
  object space 50176K, 89% used [0x00000000c0000000,0x00000000c2bbc918,0x00000000c3100000)
 Metaspace       used 3829K, capacity 4944K, committed 5120K, reserved 1056768K
  class space    used 406K, capacity 456K, committed 512K, reserved 1048576K
}
Event: 0.599 GC heap before
{Heap before GC invocations=4 (full 1):
 PSYoungGen      total 33280K, used 2547K [0x00000000eab00000, 0x00000000eec00000, 0x0000000100000000)
  eden space 30720K, 0% used [0x00000000eab00000,0x00000000eab00000,0x00000000ec900000)
  from space 2560K, 99% used [0x00000000ec900000,0x00000000ecb7cf08,0x00000000ecb80000)
  to   space 2560K, 0% used [0x00000000ee980000,0x00000000ee980000,0x00000000eec00000)
 ParOldGen       total 50176K, used 44786K [0x00000000c0000000, 0x00000000c3100000, 0x00000000eab00000)
  object space 50176K, 89% used [0x00000000c0000000,0x00000000c2bbc918,0x00000000c3100000)
 Metaspace       used 3829K, capacity 4944K, committed 5120K, reserved 1056768K
  class space    used 406K, capacity 456K, committed 512K, reserved 1048576K
Event: 0.611 GC heap after
Heap after GC invocations=4 (full 1):
 PSYoungGen      total 33280K, used 0K [0x00000000eab00000, 0x00000000eec00000, 0x0000000100000000)
  eden space 30720K, 0% used [0x00000000eab00000,0x00000000eab00000,0x00000000ec900000)
  from space 2560K, 0% used [0x00000000ec900000,0x00000000ec900000,0x00000000ecb80000)
  to   space 2560K, 0% used [0x00000000ee980000,0x00000000ee980000,0x00000000eec00000)
 ParOldGen       total 77312K, used 18508K [0x00000000c0000000, 0x00000000c4b80000, 0x00000000eab00000)
  object space 77312K, 23% used [0x00000000c0000000,0x00000000c1213020,0x00000000c4b80000)
 Metaspace       used 3829K, capacity 4944K, committed 5120K, reserved 1056768K
  class space    used 406K, capacity 456K, committed 512K, reserved 1048576K
}
Event: 0.860 GC heap before
{Heap before GC invocations=5 (full 1):
 PSYoungGen      total 33280K, used 30720K [0x00000000eab00000, 0x00000000eec00000, 0x0000000100000000)
  eden space 30720K, 100% used [0x00000000eab00000,0x00000000ec900000,0x00000000ec900000)
  from space 2560K, 0% used [0x00000000ec900000,0x00000000ec900000,0x00000000ecb80000)
  to   space 2560K, 0% used [0x00000000ee980000,0x00000000ee980000,0x00000000eec00000)
 ParOldGen       total 77312K, used 18508K [0x00000000c0000000, 0x00000000c4b80000, 0x00000000eab00000)
  object space 77312K, 23% used [0x00000000c0000000,0x00000000c1213020,0x00000000c4b80000)
 Metaspace       used 3938K, capacity 5008K, committed 5120K, reserved 1056768K
  class space    used 412K, capacity 456K, committed 512K, reserved 1048576K
Event: 0.864 GC heap after
Heap after GC invocations=5 (full 1):
 PSYoungGen      total 54784K, used 928K [0x00000000eab00000, 0x00000000eea80000, 0x0000000100000000)
  eden space 53760K, 0% used [0x00000000eab00000,0x00000000eab00000,0x00000000edf80000)
  from space 1024K, 90% used [0x00000000ee980000,0x00000000eea68000,0x00000000eea80000)
  to   space 2560K, 0% used [0x00000000ee580000,0x00000000ee580000,0x00000000ee800000)
 ParOldGen       total 77312K, used 18516K [0x00000000c0000000, 0x00000000c4b80000, 0x00000000eab00000)
  object space 77312K, 23% used [0x00000000c0000000,0x00000000c1215020,0x00000000c4b80000)
 Metaspace       used 3938K, capacity 5008K, committed 5120K, reserved 1056768K
  class space    used 412K, capacity 456K, committed 512K, reserved 1048576K
}
Event: 1.736 GC heap before
{Heap before GC invocations=6 (full 1):
 PSYoungGen      total 54784K, used 54688K [0x00000000eab00000, 0x00000000eea80000, 0x0000000100000000)
  eden space 53760K, 100% used [0x00000000eab00000,0x00000000edf80000,0x00000000edf80000)
  from space 1024K, 90% used [0x00000000ee980000,0x00000000eea68000,0x00000000eea80000)
  to   space 2560K, 0% used [0x00000000ee580000,0x00000000ee580000,0x00000000ee800000)
 ParOldGen       total 77312K, used 18516K [0x00000000c0000000, 0x00000000c4b80000, 0x00000000eab00000)
  object space 77312K, 23% used [0x00000000c0000000,0x00000000c1215020,0x00000000c4b80000)
 Metaspace       used 4417K, capacity 5424K, committed 5632K, reserved 1056768K
  class space    used 460K, capacity 488K, committed 512K, reserved 1048576K
Event: 1.746 GC heap after
Heap after GC invocations=6 (full 1):
 PSYoungGen      total 62464K, used 2528K [0x00000000eab00000, 0x00000000f4f00000, 0x0000000100000000)
  eden space 59904K, 0% used [0x00000000eab00000,0x00000000eab00000,0x00000000ee580000)
  from space 2560K, 98% used [0x00000000ee580000,0x00000000ee7f8018,0x00000000ee800000)
  to   space 38400K, 0% used [0x00000000f2980000,0x00000000f2980000,0x00000000f4f00000)
 ParOldGen       total 77312K, used 20023K [0x00000000c0000000, 0x00000000c4b80000, 0x00000000eab00000)
  object space 77312K, 25% used [0x00000000c0000000,0x00000000c138dfb8,0x00000000c4b80000)
 Metaspace       used 4417K, capacity 5424K, committed 5632K, reserved 1056768K
  class space    used 460K, capacity 488K, committed 512K, reserved 1048576K
}
Event: 2.513 GC heap before
{Heap before GC invocations=7 (full 1):
 PSYoungGen      total 62464K, used 62432K [0x00000000eab00000, 0x00000000f4f00000, 0x0000000100000000)
  eden space 59904K, 100% used [0x00000000eab00000,0x00000000ee580000,0x00000000ee580000)
  from space 2560K, 98% used [0x00000000ee580000,0x00000000ee7f8018,0x00000000ee800000)
  to   space 38400K, 0% used [0x00000000f2980000,0x00000000f2980000,0x00000000f4f00000)
 ParOldGen       total 77312K, used 20023K [0x00000000c0000000, 0x00000000c4b80000, 0x00000000eab00000)
  object space 77312K, 25% used [0x00000000c0000000,0x00000000c138dfb8,0x00000000c4b80000)
 Metaspace       used 4743K, capacity 5464K, committed 5760K, reserved 1056768K
  class space    used 496K, capacity 528K, committed 640K, reserved 1048576K
Event: 2.542 GC heap after
Heap after GC invocations=7 (full 1):
 PSYoungGen      total 126976K, used 23771K [0x00000000eab00000, 0x00000000f5d80000, 0x0000000100000000)
  eden space 88576K, 0% used [0x00000000eab00000,0x00000000eab00000,0x00000000f0180000)
  from space 38400K, 61% used [0x00000000f2980000,0x00000000f40b6e48,0x00000000f4f00000)
  to   space 40960K, 0% used [0x00000000f0180000,0x00000000f0180000,0x00000000f2980000)
 ParOldGen       total 77312K, used 20287K [0x00000000c0000000, 0x00000000c4b80000, 0x00000000eab00000)
  object space 77312K, 26% used [0x00000000c0000000,0x00000000c13cffd0,0x00000000c4b80000)
 Metaspace       used 4743K, capacity 5464K, committed 5760K, reserved 1056768K
  class space    used 496K, capacity 528K, committed 640K, reserved 1048576K
}
Event: 3.042 GC heap before
{Heap before GC invocations=8 (full 1):
 PSYoungGen      total 126976K, used 112347K [0x00000000eab00000, 0x00000000f5d80000, 0x0000000100000000)
  eden space 88576K, 100% used [0x00000000eab00000,0x00000000f0180000,0x00000000f0180000)
  from space 38400K, 61% used [0x00000000f2980000,0x00000000f40b6e48,0x00000000f4f00000)
  to   space 40960K, 0% used [0x00000000f0180000,0x00000000f0180000,0x00000000f2980000)
 ParOldGen       total 77312K, used 20287K [0x00000000c0000000, 0x00000000c4b80000, 0x00000000eab00000)
  object space 77312K, 26% used [0x00000000c0000000,0x00000000c13cffd0,0x00000000c4b80000)
 Metaspace       used 4757K, capacity 5464K, committed 5760K, reserved 1056768K
  class space    used 497K, capacity 528K, committed 640K, reserved 1048576K

