# JRE version: Java(TM) SE Runtime Environment (8.0_91-b14) (build 1.8.0_91-b14)
# Java VM: Java HotSpot(TM) 64-Bit Server VM (25.91-b14 mixed mode linux-amd64 compressed oops)
Heap:
 PSYoungGen      total 209408K, used 45541K [0x00000000eab00000, 0x00000000fa400000, 0x0000000100000000)
  eden space 163840K, 0% used [0x00000000eab00000,0x00000000eab00000,0x00000000f4b00000)
  from space 45568K, 99% used [0x00000000f4b00000,0x00000000f77795c0,0x00000000f7780000)
  to   space 32768K, 0% used [0x00000000f8180000,0x00000000f8180000,0x00000000fa180000)
 ParOldGen       total 134144K, used 114126K [0x00000000c0000000, 0x00000000c8300000, 0x00000000eab00000)
  object space 134144K, 85% used [0x00000000c0000000,0x00000000c6f73a58,0x00000000c8300000)
 Metaspace       used 6479K, capacity 7256K, committed 7424K, reserved 1056768K
  class space    used 615K, capacity 656K, committed 768K, reserved 1048576K
GC Heap History (10 events):
Event: 32.146 GC heap after
Heap after GC invocations=8 (full 0):
 PSYoungGen      total 131584K, used 14834K [0x00000000eab00000, 0x00000000f4600000, 0x0000000100000000)
  eden space 116736K, 0% used [0x00000000eab00000,0x00000000eab00000,0x00000000f1d00000)
  from space 14848K, 99% used [0x00000000f2f80000,0x00000000f3dfc8f0,0x00000000f3e00000)
  to   space 18944K, 0% used [0x00000000f1d00000,0x00000000f1d00000,0x00000000f2f80000)
 ParOldGen       total 40960K, used 19213K [0x00000000c0000000, 0x00000000c2800000, 0x00000000eab00000)
  object space 40960K, 46% used [0x00000000c0000000,0x00000000c12c3450,0x00000000c2800000)
 Metaspace       used 6167K, capacity 7064K, committed 7424K, reserved 1056768K
  class space    used 613K, capacity 656K, committed 768K, reserved 1048576K
}
Event: 36.283 GC heap before
{Heap before GC invocations=9 (full 0):
 PSYoungGen      total 131584K, used 131570K [0x00000000eab00000, 0x00000000f4600000, 0x0000000100000000)
  eden space 116736K, 100% used [0x00000000eab00000,0x00000000f1d00000,0x00000000f1d00000)
  from space 14848K, 99% used [0x00000000f2f80000,0x00000000f3dfc8f0,0x00000000f3e00000)
  to   space 18944K, 0% used [0x00000000f1d00000,0x00000000f1d00000,0x00000000f2f80000)
 ParOldGen       total 40960K, used 19213K [0x00000000c0000000, 0x00000000c2800000, 0x00000000eab00000)
  object space 40960K, 46% used [0x00000000c0000000,0x00000000c12c3450,0x00000000c2800000)
 Metaspace       used 6415K, capacity 7192K, committed 7424K, reserved 1056768K
  class space    used 613K, capacity 656K, committed 768K, reserved 1048576K
Event: 36.627 GC heap after
Heap after GC invocations=9 (full 0):
 PSYoungGen      total 135680K, used 18927K [0x00000000eab00000, 0x00000000fa180000, 0x0000000100000000)
  eden space 116736K, 0% used [0x00000000eab00000,0x00000000eab00000,0x00000000f1d00000)
  from space 18944K, 99% used [0x00000000f1d00000,0x00000000f2f7bd20,0x00000000f2f80000)
  to   space 32768K, 0% used [0x00000000f8180000,0x00000000f8180000,0x00000000fa180000)
 ParOldGen       total 45056K, used 45018K [0x00000000c0000000, 0x00000000c2c00000, 0x00000000eab00000)
  object space 45056K, 99% used [0x00000000c0000000,0x00000000c2bf6b60,0x00000000c2c00000)
 Metaspace       used 6415K, capacity 7192K, committed 7424K, reserved 1056768K
  class space    used 613K, capacity 656K, committed 768K, reserved 1048576K
}
Event: 36.627 GC heap before
{Heap before GC invocations=10 (full 1):
 PSYoungGen      total 135680K, used 18927K [0x00000000eab00000, 0x00000000fa180000, 0x0000000100000000)
  eden space 116736K, 0% used [0x00000000eab00000,0x00000000eab00000,0x00000000f1d00000)
  from space 18944K, 99% used [0x00000000f1d00000,0x00000000f2f7bd20,0x00000000f2f80000)
  to   space 32768K, 0% used [0x00000000f8180000,0x00000000f8180000,0x00000000fa180000)
 ParOldGen       total 45056K, used 45018K [0x00000000c0000000, 0x00000000c2c00000, 0x00000000eab00000)
  object space 45056K, 99% used [0x00000000c0000000,0x00000000c2bf6b60,0x00000000c2c00000)
 Metaspace       used 6415K, capacity 7192K, committed 7424K, reserved 1056768K
  class space    used 613K, capacity 656K, committed 768K, reserved 1048576K
Event: 38.525 GC heap after
Heap after GC invocations=10 (full 1):
 PSYoungGen      total 135680K, used 15810K [0x00000000eab00000, 0x00000000fa180000, 0x0000000100000000)
  eden space 116736K, 0% used [0x00000000eab00000,0x00000000eab00000,0x00000000f1d00000)
  from space 18944K, 83% used [0x00000000f1d00000,0x00000000f2c70948,0x00000000f2f80000)
  to   space 32768K, 0% used [0x00000000f8180000,0x00000000f8180000,0x00000000fa180000)
 ParOldGen       total 80896K, used 44937K [0x00000000c0000000, 0x00000000c4f00000, 0x00000000eab00000)
  object space 80896K, 55% used [0x00000000c0000000,0x00000000c2be2518,0x00000000c4f00000)
 Metaspace       used 6415K, capacity 7192K, committed 7424K, reserved 1056768K
  class space    used 613K, capacity 656K, committed 768K, reserved 1048576K
}
Event: 43.004 GC heap before
{Heap before GC invocations=11 (full 1):
 PSYoungGen      total 135680K, used 132546K [0x00000000eab00000, 0x00000000fa180000, 0x0000000100000000)
  eden space 116736K, 100% used [0x00000000eab00000,0x00000000f1d00000,0x00000000f1d00000)
  from space 18944K, 83% used [0x00000000f1d00000,0x00000000f2c70948,0x00000000f2f80000)
  to   space 32768K, 0% used [0x00000000f8180000,0x00000000f8180000,0x00000000fa180000)
 ParOldGen       total 80896K, used 44937K [0x00000000c0000000, 0x00000000c4f00000, 0x00000000eab00000)
  object space 80896K, 55% used [0x00000000c0000000,0x00000000c2be2518,0x00000000c4f00000)
 Metaspace       used 6467K, capacity 7256K, committed 7424K, reserved 1056768K
  class space    used 613K, capacity 656K, committed 768K, reserved 1048576K
Event: 43.546 GC heap after
Heap after GC invocations=11 (full 1):
 PSYoungGen      total 196608K, used 32736K [0x00000000eab00000, 0x00000000fa400000, 0x0000000100000000)
  eden space 163840K, 0% used [0x00000000eab00000,0x00000000eab00000,0x00000000f4b00000)
  from space 32768K, 99% used [0x00000000f8180000,0x00000000fa1780d8,0x00000000fa180000)
  to   space 45568K, 0% used [0x00000000f4b00000,0x00000000f4b00000,0x00000000f7780000)
 ParOldGen       total 80896K, used 64419K [0x00000000c0000000, 0x00000000c4f00000, 0x00000000eab00000)
  object space 80896K, 79% used [0x00000000c0000000,0x00000000c3ee8d40,0x00000000c4f00000)
 Metaspace       used 6467K, capacity 7256K, committed 7424K, reserved 1056768K
  class space    used 613K, capacity 656K, committed 768K, reserved 1048576K
}
Event: 43.546 GC heap before
{Heap before GC invocations=12 (full 2):
 PSYoungGen      total 196608K, used 32736K [0x00000000eab00000, 0x00000000fa400000, 0x0000000100000000)
  eden space 163840K, 0% used [0x00000000eab00000,0x00000000eab00000,0x00000000f4b00000)
  from space 32768K, 99% used [0x00000000f8180000,0x00000000fa1780d8,0x00000000fa180000)
  to   space 45568K, 0% used [0x00000000f4b00000,0x00000000f4b00000,0x00000000f7780000)
 ParOldGen       total 80896K, used 64419K [0x00000000c0000000, 0x00000000c4f00000, 0x00000000eab00000)
  object space 80896K, 79% used [0x00000000c0000000,0x00000000c3ee8d40,0x00000000c4f00000)
 Metaspace       used 6467K, capacity 7256K, committed 7424K, reserved 1056768K
  class space    used 613K, capacity 656K, committed 768K, reserved 1048576K
Event: 45.552 GC heap after
Heap after GC invocations=12 (full 2):
 PSYoungGen      total 196608K, used 12679K [0x00000000eab00000, 0x00000000fa400000, 0x0000000100000000)
  eden space 163840K, 0% used [0x00000000eab00000,0x00000000eab00000,0x00000000f4b00000)
  from space 32768K, 38% used [0x00000000f8180000,0x00000000f8de1f58,0x00000000fa180000)
  to   space 45568K, 0% used [0x00000000f4b00000,0x00000000f4b00000,0x00000000f7780000)
 ParOldGen       total 134144K, used 80804K [0x00000000c0000000, 0x00000000c8300000, 0x00000000eab00000)
  object space 134144K, 60% used [0x00000000c0000000,0x00000000c4ee9360,0x00000000c8300000)
 Metaspace       used 6467K, capacity 7256K, committed 7424K, reserved 1056768K
  class space    used 613K, capacity 656K, committed 768K, reserved 1048576K
}
Event: 46.990 GC heap before
{Heap before GC invocations=13 (full 2):
 PSYoungGen      total 196608K, used 176519K [0x00000000eab00000, 0x00000000fa400000, 0x0000000100000000)
  eden space 163840K, 100% used [0x00000000eab00000,0x00000000f4b00000,0x00000000f4b00000)
  from space 32768K, 38% used [0x00000000f8180000,0x00000000f8de1f58,0x00000000fa180000)
  to   space 45568K, 0% used [0x00000000f4b00000,0x00000000f4b00000,0x00000000f7780000)
 ParOldGen       total 134144K, used 80804K [0x00000000c0000000, 0x00000000c8300000, 0x00000000eab00000)
  object space 134144K, 60% used [0x00000000c0000000,0x00000000c4ee9360,0x00000000c8300000)
 Metaspace       used 6479K, capacity 7256K, committed 7424K, reserved 1056768K
  class space    used 615K, capacity 656K, committed 768K, reserved 1048576K

