# JRE version: Java(TM) SE Runtime Environment (8.0_92-b14) (build 1.8.0_92-b14)
# Java VM: Java HotSpot(TM) 64-Bit Server VM (25.92-b14 mixed mode linux-amd64 compressed oops)
Heap:
 PSYoungGen      total 146432K, used 33866K [0x00000000eab00000, 0x00000000f6680000, 0x0000000100000000)
  eden space 106496K, 0% used [0x00000000eab00000,0x00000000eab00000,0x00000000f1300000)
  from space 39936K, 84% used [0x00000000f1300000,0x00000000f3412a58,0x00000000f3a00000)
  to   space 37376K, 0% used [0x00000000f3a00000,0x00000000f3a00000,0x00000000f5e80000)
 ParOldGen       total 74240K, used 20234K [0x00000000c0000000, 0x00000000c4880000, 0x00000000eab00000)
  object space 74240K, 27% used [0x00000000c0000000,0x00000000c13c2b58,0x00000000c4880000)
 Metaspace       used 4759K, capacity 5464K, committed 5760K, reserved 1056768K
  class space    used 497K, capacity 528K, committed 640K, reserved 1048576K
GC Heap History (10 events):
Event: 0.671 GC heap after
Heap after GC invocations=3 (full 0):
 PSYoungGen      total 33280K, used 2556K [0x00000000eab00000, 0x00000000eec00000, 0x0000000100000000)
  eden space 30720K, 0% used [0x00000000eab00000,0x00000000eab00000,0x00000000ec900000)
  from space 2560K, 99% used [0x00000000ec900000,0x00000000ecb7f0d0,0x00000000ecb80000)
  to   space 2560K, 0% used [0x00000000ee980000,0x00000000ee980000,0x00000000eec00000)
 ParOldGen       total 50176K, used 43664K [0x00000000c0000000, 0x00000000c3100000, 0x00000000eab00000)
  object space 50176K, 87% used [0x00000000c0000000,0x00000000c2aa4398,0x00000000c3100000)
 Metaspace       used 3828K, capacity 4944K, committed 5120K, reserved 1056768K
  class space    used 406K, capacity 456K, committed 512K, reserved 1048576K
}
Event: 0.671 GC heap before
{Heap before GC invocations=4 (full 1):
 PSYoungGen      total 33280K, used 2556K [0x00000000eab00000, 0x00000000eec00000, 0x0000000100000000)
  eden space 30720K, 0% used [0x00000000eab00000,0x00000000eab00000,0x00000000ec900000)
  from space 2560K, 99% used [0x00000000ec900000,0x00000000ecb7f0d0,0x00000000ecb80000)
  to   space 2560K, 0% used [0x00000000ee980000,0x00000000ee980000,0x00000000eec00000)
 ParOldGen       total 50176K, used 43664K [0x00000000c0000000, 0x00000000c3100000, 0x00000000eab00000)
  object space 50176K, 87% used [0x00000000c0000000,0x00000000c2aa4398,0x00000000c3100000)
 Metaspace       used 3828K, capacity 4944K, committed 5120K, reserved 1056768K
  class space    used 406K, capacity 456K, committed 512K, reserved 1048576K
Event: 0.678 GC heap after
Heap after GC invocations=4 (full 1):
 PSYoungGen      total 33280K, used 0K [0x00000000eab00000, 0x00000000eec00000, 0x0000000100000000)
  eden space 30720K, 0% used [0x00000000eab00000,0x00000000eab00000,0x00000000ec900000)
  from space 2560K, 0% used [0x00000000ec900000,0x00000000ec900000,0x00000000ecb80000)
  to   space 2560K, 0% used [0x00000000ee980000,0x00000000ee980000,0x00000000eec00000)
 ParOldGen       total 74240K, used 18496K [0x00000000c0000000, 0x00000000c4880000, 0x00000000eab00000)
  object space 74240K, 24% used [0x00000000c0000000,0x00000000c1210240,0x00000000c4880000)
 Metaspace       used 3828K, capacity 4944K, committed 5120K, reserved 1056768K
  class space    used 406K, capacity 456K, committed 512K, reserved 1048576K
}
Event: 0.935 GC heap before
{Heap before GC invocations=5 (full 1):
 PSYoungGen      total 33280K, used 30720K [0x00000000eab00000, 0x00000000eec00000, 0x0000000100000000)
  eden space 30720K, 100% used [0x00000000eab00000,0x00000000ec900000,0x00000000ec900000)
  from space 2560K, 0% used [0x00000000ec900000,0x00000000ec900000,0x00000000ecb80000)
  to   space 2560K, 0% used [0x00000000ee980000,0x00000000ee980000,0x00000000eec00000)
 ParOldGen       total 74240K, used 18496K [0x00000000c0000000, 0x00000000c4880000, 0x00000000eab00000)
  object space 74240K, 24% used [0x00000000c0000000,0x00000000c1210240,0x00000000c4880000)
 Metaspace       used 3934K, capacity 5008K, committed 5120K, reserved 1056768K
  class space    used 412K, capacity 456K, committed 512K, reserved 1048576K
Event: 0.939 GC heap after
Heap after GC invocations=5 (full 1):
 PSYoungGen      total 59392K, used 960K [0x00000000eab00000, 0x00000000eea80000, 0x0000000100000000)
  eden space 58368K, 0% used [0x00000000eab00000,0x00000000eab00000,0x00000000ee400000)
  from space 1024K, 93% used [0x00000000ee980000,0x00000000eea70000,0x00000000eea80000)
  to   space 2560K, 0% used [0x00000000ee580000,0x00000000ee580000,0x00000000ee800000)
 ParOldGen       total 74240K, used 18504K [0x00000000c0000000, 0x00000000c4880000, 0x00000000eab00000)
  object space 74240K, 24% used [0x00000000c0000000,0x00000000c1212240,0x00000000c4880000)
 Metaspace       used 3934K, capacity 5008K, committed 5120K, reserved 1056768K
  class space    used 412K, capacity 456K, committed 512K, reserved 1048576K
}
Event: 1.704 GC heap before
{Heap before GC invocations=6 (full 1):
 PSYoungGen      total 59392K, used 59328K [0x00000000eab00000, 0x00000000eea80000, 0x0000000100000000)
  eden space 58368K, 100% used [0x00000000eab00000,0x00000000ee400000,0x00000000ee400000)
  from space 1024K, 93% used [0x00000000ee980000,0x00000000eea70000,0x00000000eea80000)
  to   space 2560K, 0% used [0x00000000ee580000,0x00000000ee580000,0x00000000ee800000)
 ParOldGen       total 74240K, used 18504K [0x00000000c0000000, 0x00000000c4880000, 0x00000000eab00000)
  object space 74240K, 24% used [0x00000000c0000000,0x00000000c1212240,0x00000000c4880000)
 Metaspace       used 4415K, capacity 5424K, committed 5632K, reserved 1056768K
  class space    used 460K, capacity 488K, committed 512K, reserved 1048576K
Event: 1.715 GC heap after
Heap after GC invocations=6 (full 1):
 PSYoungGen      total 62464K, used 2558K [0x00000000eab00000, 0x00000000f5e80000, 0x0000000100000000)
  eden space 59904K, 0% used [0x00000000eab00000,0x00000000eab00000,0x00000000ee580000)
  from space 2560K, 99% used [0x00000000ee580000,0x00000000ee7ffb08,0x00000000ee800000)
  to   space 37376K, 0% used [0x00000000f3a00000,0x00000000f3a00000,0x00000000f5e80000)
 ParOldGen       total 74240K, used 19970K [0x00000000c0000000, 0x00000000c4880000, 0x00000000eab00000)
  object space 74240K, 26% used [0x00000000c0000000,0x00000000c1380b40,0x00000000c4880000)
 Metaspace       used 4415K, capacity 5424K, committed 5632K, reserved 1056768K
  class space    used 460K, capacity 488K, committed 512K, reserved 1048576K
}
Event: 2.276 GC heap before
{Heap before GC invocations=7 (full 1):
 PSYoungGen      total 62464K, used 62462K [0x00000000eab00000, 0x00000000f5e80000, 0x0000000100000000)
  eden space 59904K, 100% used [0x00000000eab00000,0x00000000ee580000,0x00000000ee580000)
  from space 2560K, 99% used [0x00000000ee580000,0x00000000ee7ffb08,0x00000000ee800000)
  to   space 37376K, 0% used [0x00000000f3a00000,0x00000000f3a00000,0x00000000f5e80000)
 ParOldGen       total 74240K, used 19970K [0x00000000c0000000, 0x00000000c4880000, 0x00000000eab00000)
  object space 74240K, 26% used [0x00000000c0000000,0x00000000c1380b40,0x00000000c4880000)
 Metaspace       used 4743K, capacity 5464K, committed 5760K, reserved 1056768K
  class space    used 496K, capacity 528K, committed 640K, reserved 1048576K
Event: 2.314 GC heap after
Heap after GC invocations=7 (full 1):
 PSYoungGen      total 143872K, used 23576K [0x00000000eab00000, 0x00000000f6680000, 0x0000000100000000)
  eden space 106496K, 0% used [0x00000000eab00000,0x00000000eab00000,0x00000000f1300000)
  from space 37376K, 63% used [0x00000000f3a00000,0x00000000f51062c8,0x00000000f5e80000)
  to   space 39936K, 0% used [0x00000000f1300000,0x00000000f1300000,0x00000000f3a00000)
 ParOldGen       total 74240K, used 20234K [0x00000000c0000000, 0x00000000c4880000, 0x00000000eab00000)
  object space 74240K, 27% used [0x00000000c0000000,0x00000000c13c2b58,0x00000000c4880000)
 Metaspace       used 4743K, capacity 5464K, committed 5760K, reserved 1056768K
  class space    used 496K, capacity 528K, committed 640K, reserved 1048576K
}
Event: 2.884 GC heap before
{Heap before GC invocations=8 (full 1):
 PSYoungGen      total 143872K, used 130072K [0x00000000eab00000, 0x00000000f6680000, 0x0000000100000000)
  eden space 106496K, 100% used [0x00000000eab00000,0x00000000f1300000,0x00000000f1300000)
  from space 37376K, 63% used [0x00000000f3a00000,0x00000000f51062c8,0x00000000f5e80000)
  to   space 39936K, 0% used [0x00000000f1300000,0x00000000f1300000,0x00000000f3a00000)
 ParOldGen       total 74240K, used 20234K [0x00000000c0000000, 0x00000000c4880000, 0x00000000eab00000)
  object space 74240K, 27% used [0x00000000c0000000,0x00000000c13c2b58,0x00000000c4880000)
 Metaspace       used 4759K, capacity 5464K, committed 5760K, reserved 1056768K
  class space    used 497K, capacity 528K, committed 640K, reserved 1048576K

