# JRE version: Java(TM) SE Runtime Environment (8.0_77-b03) (build 1.8.0_77-b03)
# Java VM: Java HotSpot(TM) 64-Bit Server VM (25.77-b03 mixed mode linux-amd64 compressed oops)
Heap:
 PSYoungGen      total 208384K, used 38368K [0x00000000eab00000, 0x00000000fd400000, 0x0000000100000000)
  eden space 169984K, 0% used [0x00000000eab00000,0x00000000eab00000,0x00000000f5100000)
  from space 38400K, 99% used [0x00000000f8900000,0x00000000fae78278,0x00000000fae80000)
  to   space 30720K, 0% used [0x00000000fb600000,0x00000000fb600000,0x00000000fd400000)
 ParOldGen       total 121344K, used 120445K [0x00000000c0000000, 0x00000000c7680000, 0x00000000eab00000)
  object space 121344K, 99% used [0x00000000c0000000,0x00000000c759f750,0x00000000c7680000)
 Metaspace       used 6477K, capacity 7256K, committed 7424K, reserved 1056768K
  class space    used 615K, capacity 656K, committed 768K, reserved 1048576K
GC Heap History (10 events):
Event: 11.542 GC heap after
Heap after GC invocations=5 (full 0):
 PSYoungGen      total 64000K, used 2528K [0x00000000eab00000, 0x00000000f3e00000, 0x0000000100000000)
  eden space 61440K, 0% used [0x00000000eab00000,0x00000000eab00000,0x00000000ee700000)
  from space 2560K, 98% used [0x00000000ee700000,0x00000000ee978018,0x00000000ee980000)
  to   space 13824K, 0% used [0x00000000f3080000,0x00000000f3080000,0x00000000f3e00000)
 ParOldGen       total 40960K, used 18878K [0x00000000c0000000, 0x00000000c2800000, 0x00000000eab00000)
  object space 40960K, 46% used [0x00000000c0000000,0x00000000c126fb60,0x00000000c2800000)
 Metaspace       used 5936K, capacity 6896K, committed 7040K, reserved 1056768K
  class space    used 593K, capacity 616K, committed 640K, reserved 1048576K
}
Event: 12.678 GC heap before
{Heap before GC invocations=6 (full 0):
 PSYoungGen      total 64000K, used 63968K [0x00000000eab00000, 0x00000000f3e00000, 0x0000000100000000)
  eden space 61440K, 100% used [0x00000000eab00000,0x00000000ee700000,0x00000000ee700000)
  from space 2560K, 98% used [0x00000000ee700000,0x00000000ee978018,0x00000000ee980000)
  to   space 13824K, 0% used [0x00000000f3080000,0x00000000f3080000,0x00000000f3e00000)
 ParOldGen       total 40960K, used 18878K [0x00000000c0000000, 0x00000000c2800000, 0x00000000eab00000)
  object space 40960K, 46% used [0x00000000c0000000,0x00000000c126fb60,0x00000000c2800000)
 Metaspace       used 6082K, capacity 7000K, committed 7168K, reserved 1056768K
  class space    used 613K, capacity 656K, committed 768K, reserved 1048576K
Event: 12.817 GC heap after
Heap after GC invocations=6 (full 0):
 PSYoungGen      total 135168K, used 11285K [0x00000000eab00000, 0x00000000f4100000, 0x0000000100000000)
  eden space 121344K, 0% used [0x00000000eab00000,0x00000000eab00000,0x00000000f2180000)
  from space 13824K, 81% used [0x00000000f3080000,0x00000000f3b857a8,0x00000000f3e00000)
  to   space 15360K, 0% used [0x00000000f2180000,0x00000000f2180000,0x00000000f3080000)
 ParOldGen       total 40960K, used 18878K [0x00000000c0000000, 0x00000000c2800000, 0x00000000eab00000)
  object space 40960K, 46% used [0x00000000c0000000,0x00000000c126fb60,0x00000000c2800000)
 Metaspace       used 6082K, capacity 7000K, committed 7168K, reserved 1056768K
  class space    used 613K, capacity 656K, committed 768K, reserved 1048576K
}
Event: 18.359 GC heap before
{Heap before GC invocations=7 (full 0):
 PSYoungGen      total 135168K, used 132629K [0x00000000eab00000, 0x00000000f4100000, 0x0000000100000000)
  eden space 121344K, 100% used [0x00000000eab00000,0x00000000f2180000,0x00000000f2180000)
  from space 13824K, 81% used [0x00000000f3080000,0x00000000f3b857a8,0x00000000f3e00000)
  to   space 15360K, 0% used [0x00000000f2180000,0x00000000f2180000,0x00000000f3080000)
 ParOldGen       total 40960K, used 18878K [0x00000000c0000000, 0x00000000c2800000, 0x00000000eab00000)
  object space 40960K, 46% used [0x00000000c0000000,0x00000000c126fb60,0x00000000c2800000)
 Metaspace       used 6336K, capacity 7192K, committed 7424K, reserved 1056768K
  class space    used 613K, capacity 656K, committed 768K, reserved 1048576K
Event: 18.679 GC heap after
Heap after GC invocations=7 (full 0):
 PSYoungGen      total 136704K, used 15334K [0x00000000eab00000, 0x00000000fd400000, 0x0000000100000000)
  eden space 121344K, 0% used [0x00000000eab00000,0x00000000eab00000,0x00000000f2180000)
  from space 15360K, 99% used [0x00000000f2180000,0x00000000f30799a8,0x00000000f3080000)
  to   space 30720K, 0% used [0x00000000fb600000,0x00000000fb600000,0x00000000fd400000)
 ParOldGen       total 43520K, used 43345K [0x00000000c0000000, 0x00000000c2a80000, 0x00000000eab00000)
  object space 43520K, 99% used [0x00000000c0000000,0x00000000c2a546c8,0x00000000c2a80000)
 Metaspace       used 6336K, capacity 7192K, committed 7424K, reserved 1056768K
  class space    used 613K, capacity 656K, committed 768K, reserved 1048576K
}
Event: 18.679 GC heap before
{Heap before GC invocations=8 (full 1):
 PSYoungGen      total 136704K, used 15334K [0x00000000eab00000, 0x00000000fd400000, 0x0000000100000000)
  eden space 121344K, 0% used [0x00000000eab00000,0x00000000eab00000,0x00000000f2180000)
  from space 15360K, 99% used [0x00000000f2180000,0x00000000f30799a8,0x00000000f3080000)
  to   space 30720K, 0% used [0x00000000fb600000,0x00000000fb600000,0x00000000fd400000)
 ParOldGen       total 43520K, used 43345K [0x00000000c0000000, 0x00000000c2a80000, 0x00000000eab00000)
  object space 43520K, 99% used [0x00000000c0000000,0x00000000c2a546c8,0x00000000c2a80000)
 Metaspace       used 6336K, capacity 7192K, committed 7424K, reserved 1056768K
  class space    used 613K, capacity 656K, committed 768K, reserved 1048576K
Event: 20.488 GC heap after
Heap after GC invocations=8 (full 1):
 PSYoungGen      total 136704K, used 12683K [0x00000000eab00000, 0x00000000fd400000, 0x0000000100000000)
  eden space 121344K, 0% used [0x00000000eab00000,0x00000000eab00000,0x00000000f2180000)
  from space 15360K, 82% used [0x00000000f2180000,0x00000000f2de2d98,0x00000000f3080000)
  to   space 30720K, 0% used [0x00000000fb600000,0x00000000fb600000,0x00000000fd400000)
 ParOldGen       total 87552K, used 43467K [0x00000000c0000000, 0x00000000c5580000, 0x00000000eab00000)
  object space 87552K, 49% used [0x00000000c0000000,0x00000000c2a72f00,0x00000000c5580000)
 Metaspace       used 6336K, capacity 7192K, committed 7424K, reserved 1056768K
  class space    used 613K, capacity 656K, committed 768K, reserved 1048576K
}
Event: 26.567 GC heap before
{Heap before GC invocations=9 (full 1):
 PSYoungGen      total 136704K, used 134027K [0x00000000eab00000, 0x00000000fd400000, 0x0000000100000000)
  eden space 121344K, 100% used [0x00000000eab00000,0x00000000f2180000,0x00000000f2180000)
  from space 15360K, 82% used [0x00000000f2180000,0x00000000f2de2d98,0x00000000f3080000)
  to   space 30720K, 0% used [0x00000000fb600000,0x00000000fb600000,0x00000000fd400000)
 ParOldGen       total 87552K, used 43467K [0x00000000c0000000, 0x00000000c5580000, 0x00000000eab00000)
  object space 87552K, 49% used [0x00000000c0000000,0x00000000c2a72f00,0x00000000c5580000)
 Metaspace       used 6456K, capacity 7256K, committed 7424K, reserved 1056768K
  class space    used 613K, capacity 656K, committed 768K, reserved 1048576K
Event: 27.006 GC heap after
Heap after GC invocations=9 (full 1):
 PSYoungGen      total 200704K, used 30716K [0x00000000eab00000, 0x00000000fd400000, 0x0000000100000000)
  eden space 169984K, 0% used [0x00000000eab00000,0x00000000eab00000,0x00000000f5100000)
  from space 30720K, 99% used [0x00000000fb600000,0x00000000fd3ff2e8,0x00000000fd400000)
  to   space 38400K, 0% used [0x00000000f8900000,0x00000000f8900000,0x00000000fae80000)
 ParOldGen       total 87552K, used 46137K [0x00000000c0000000, 0x00000000c5580000, 0x00000000eab00000)
  object space 87552K, 52% used [0x00000000c0000000,0x00000000c2d0e5d0,0x00000000c5580000)
 Metaspace       used 6456K, capacity 7256K, committed 7424K, reserved 1056768K
  class space    used 613K, capacity 656K, committed 768K, reserved 1048576K
}
Event: 30.529 GC heap before
{Heap before GC invocations=10 (full 1):
 PSYoungGen      total 200704K, used 200700K [0x00000000eab00000, 0x00000000fd400000, 0x0000000100000000)
  eden space 169984K, 100% used [0x00000000eab00000,0x00000000f5100000,0x00000000f5100000)
  from space 30720K, 99% used [0x00000000fb600000,0x00000000fd3ff2e8,0x00000000fd400000)
  to   space 38400K, 0% used [0x00000000f8900000,0x00000000f8900000,0x00000000fae80000)
 ParOldGen       total 87552K, used 46137K [0x00000000c0000000, 0x00000000c5580000, 0x00000000eab00000)
  object space 87552K, 52% used [0x00000000c0000000,0x00000000c2d0e5d0,0x00000000c5580000)
 Metaspace       used 6477K, capacity 7256K, committed 7424K, reserved 1056768K
  class space    used 615K, capacity 656K, committed 768K, reserved 1048576K

