# JRE version: Java(TM) SE Runtime Environment (8.0_74-b02) (build 1.8.0_74-b02)
# Java VM: Java HotSpot(TM) 64-Bit Server VM (25.74-b02 mixed mode linux-amd64 compressed oops)
Heap:
 PSYoungGen      total 134144K, used 12410K [0x00000000eab00000, 0x00000000f5600000, 0x0000000100000000)
  eden space 98304K, 0% used [0x00000000eab00000,0x00000000eab00000,0x00000000f0b00000)
  from space 35840K, 34% used [0x00000000f0b00000,0x00000000f171ea00,0x00000000f2e00000)
  to   space 37376K, 0% used [0x00000000f2e00000,0x00000000f2e00000,0x00000000f5280000)
 ParOldGen       total 76288K, used 20268K [0x00000000c0000000, 0x00000000c4a80000, 0x00000000eab00000)
  object space 76288K, 26% used [0x00000000c0000000,0x00000000c13cb270,0x00000000c4a80000)
 Metaspace       used 4755K, capacity 5464K, committed 5760K, reserved 1056768K
  class space    used 497K, capacity 528K, committed 640K, reserved 1048576K
GC Heap History (10 events):
Event: 0.534 GC heap after
Heap after GC invocations=3 (full 0):
 PSYoungGen      total 33280K, used 2557K [0x00000000eab00000, 0x00000000eec00000, 0x0000000100000000)
  eden space 30720K, 0% used [0x00000000eab00000,0x00000000eab00000,0x00000000ec900000)
  from space 2560K, 99% used [0x00000000ec900000,0x00000000ecb7f778,0x00000000ecb80000)
  to   space 2560K, 0% used [0x00000000ee980000,0x00000000ee980000,0x00000000eec00000)
 ParOldGen       total 50176K, used 43494K [0x00000000c0000000, 0x00000000c3100000, 0x00000000eab00000)
  object space 50176K, 86% used [0x00000000c0000000,0x00000000c2a79bd0,0x00000000c3100000)
 Metaspace       used 3818K, capacity 4944K, committed 5120K, reserved 1056768K
  class space    used 406K, capacity 456K, committed 512K, reserved 1048576K
}
Event: 0.534 GC heap before
{Heap before GC invocations=4 (full 1):
 PSYoungGen      total 33280K, used 2557K [0x00000000eab00000, 0x00000000eec00000, 0x0000000100000000)
  eden space 30720K, 0% used [0x00000000eab00000,0x00000000eab00000,0x00000000ec900000)
  from space 2560K, 99% used [0x00000000ec900000,0x00000000ecb7f778,0x00000000ecb80000)
  to   space 2560K, 0% used [0x00000000ee980000,0x00000000ee980000,0x00000000eec00000)
 ParOldGen       total 50176K, used 43494K [0x00000000c0000000, 0x00000000c3100000, 0x00000000eab00000)
  object space 50176K, 86% used [0x00000000c0000000,0x00000000c2a79bd0,0x00000000c3100000)
 Metaspace       used 3818K, capacity 4944K, committed 5120K, reserved 1056768K
  class space    used 406K, capacity 456K, committed 512K, reserved 1048576K
Event: 0.548 GC heap after
Heap after GC invocations=4 (full 1):
 PSYoungGen      total 33280K, used 0K [0x00000000eab00000, 0x00000000eec00000, 0x0000000100000000)
  eden space 30720K, 0% used [0x00000000eab00000,0x00000000eab00000,0x00000000ec900000)
  from space 2560K, 0% used [0x00000000ec900000,0x00000000ec900000,0x00000000ecb80000)
  to   space 2560K, 0% used [0x00000000ee980000,0x00000000ee980000,0x00000000eec00000)
 ParOldGen       total 76288K, used 18516K [0x00000000c0000000, 0x00000000c4a80000, 0x00000000eab00000)
  object space 76288K, 24% used [0x00000000c0000000,0x00000000c1215280,0x00000000c4a80000)
 Metaspace       used 3818K, capacity 4944K, committed 5120K, reserved 1056768K
  class space    used 406K, capacity 456K, committed 512K, reserved 1048576K
}
Event: 0.829 GC heap before
{Heap before GC invocations=5 (full 1):
 PSYoungGen      total 33280K, used 30720K [0x00000000eab00000, 0x00000000eec00000, 0x0000000100000000)
  eden space 30720K, 100% used [0x00000000eab00000,0x00000000ec900000,0x00000000ec900000)
  from space 2560K, 0% used [0x00000000ec900000,0x00000000ec900000,0x00000000ecb80000)
  to   space 2560K, 0% used [0x00000000ee980000,0x00000000ee980000,0x00000000eec00000)
 ParOldGen       total 76288K, used 18516K [0x00000000c0000000, 0x00000000c4a80000, 0x00000000eab00000)
  object space 76288K, 24% used [0x00000000c0000000,0x00000000c1215280,0x00000000c4a80000)
 Metaspace       used 3925K, capacity 5008K, committed 5120K, reserved 1056768K
  class space    used 412K, capacity 456K, committed 512K, reserved 1048576K
Event: 0.870 GC heap after
Heap after GC invocations=5 (full 1):
 PSYoungGen      total 56320K, used 928K [0x00000000eab00000, 0x00000000eea80000, 0x0000000100000000)
  eden space 55296K, 0% used [0x00000000eab00000,0x00000000eab00000,0x00000000ee100000)
  from space 1024K, 90% used [0x00000000ee980000,0x00000000eea68000,0x00000000eea80000)
  to   space 2560K, 0% used [0x00000000ee580000,0x00000000ee580000,0x00000000ee800000)
 ParOldGen       total 76288K, used 18524K [0x00000000c0000000, 0x00000000c4a80000, 0x00000000eab00000)
  object space 76288K, 24% used [0x00000000c0000000,0x00000000c1217280,0x00000000c4a80000)
 Metaspace       used 3925K, capacity 5008K, committed 5120K, reserved 1056768K
  class space    used 412K, capacity 456K, committed 512K, reserved 1048576K
}
Event: 1.482 GC heap before
{Heap before GC invocations=6 (full 1):
 PSYoungGen      total 56320K, used 56224K [0x00000000eab00000, 0x00000000eea80000, 0x0000000100000000)
  eden space 55296K, 100% used [0x00000000eab00000,0x00000000ee100000,0x00000000ee100000)
  from space 1024K, 90% used [0x00000000ee980000,0x00000000eea68000,0x00000000eea80000)
  to   space 2560K, 0% used [0x00000000ee580000,0x00000000ee580000,0x00000000ee800000)
 ParOldGen       total 76288K, used 18524K [0x00000000c0000000, 0x00000000c4a80000, 0x00000000eab00000)
  object space 76288K, 24% used [0x00000000c0000000,0x00000000c1217280,0x00000000c4a80000)
 Metaspace       used 4412K, capacity 5424K, committed 5632K, reserved 1056768K
  class space    used 460K, capacity 488K, committed 512K, reserved 1048576K
Event: 1.495 GC heap after
Heap after GC invocations=6 (full 1):
 PSYoungGen      total 62464K, used 2558K [0x00000000eab00000, 0x00000000f5280000, 0x0000000100000000)
  eden space 59904K, 0% used [0x00000000eab00000,0x00000000eab00000,0x00000000ee580000)
  from space 2560K, 99% used [0x00000000ee580000,0x00000000ee7ffb08,0x00000000ee800000)
  to   space 37376K, 0% used [0x00000000f2e00000,0x00000000f2e00000,0x00000000f5280000)
 ParOldGen       total 76288K, used 20004K [0x00000000c0000000, 0x00000000c4a80000, 0x00000000eab00000)
  object space 76288K, 26% used [0x00000000c0000000,0x00000000c1389258,0x00000000c4a80000)
 Metaspace       used 4412K, capacity 5424K, committed 5632K, reserved 1056768K
  class space    used 460K, capacity 488K, committed 512K, reserved 1048576K
}
Event: 1.920 GC heap before
{Heap before GC invocations=7 (full 1):
 PSYoungGen      total 62464K, used 62462K [0x00000000eab00000, 0x00000000f5280000, 0x0000000100000000)
  eden space 59904K, 100% used [0x00000000eab00000,0x00000000ee580000,0x00000000ee580000)
  from space 2560K, 99% used [0x00000000ee580000,0x00000000ee7ffb08,0x00000000ee800000)
  to   space 37376K, 0% used [0x00000000f2e00000,0x00000000f2e00000,0x00000000f5280000)
 ParOldGen       total 76288K, used 20004K [0x00000000c0000000, 0x00000000c4a80000, 0x00000000eab00000)
  object space 76288K, 26% used [0x00000000c0000000,0x00000000c1389258,0x00000000c4a80000)
 Metaspace       used 4741K, capacity 5464K, committed 5760K, reserved 1056768K
  class space    used 496K, capacity 528K, committed 640K, reserved 1048576K
Event: 1.939 GC heap after
Heap after GC invocations=7 (full 1):
 PSYoungGen      total 135680K, used 16442K [0x00000000eab00000, 0x00000000f5600000, 0x0000000100000000)
  eden space 98304K, 0% used [0x00000000eab00000,0x00000000eab00000,0x00000000f0b00000)
  from space 37376K, 43% used [0x00000000f2e00000,0x00000000f3e0ea48,0x00000000f5280000)
  to   space 35840K, 0% used [0x00000000f0b00000,0x00000000f0b00000,0x00000000f2e00000)
 ParOldGen       total 76288K, used 20268K [0x00000000c0000000, 0x00000000c4a80000, 0x00000000eab00000)
  object space 76288K, 26% used [0x00000000c0000000,0x00000000c13cb270,0x00000000c4a80000)
 Metaspace       used 4741K, capacity 5464K, committed 5760K, reserved 1056768K
  class space    used 496K, capacity 528K, committed 640K, reserved 1048576K
}
Event: 2.331 GC heap before
{Heap before GC invocations=8 (full 1):
 PSYoungGen      total 135680K, used 114746K [0x00000000eab00000, 0x00000000f5600000, 0x0000000100000000)
  eden space 98304K, 100% used [0x00000000eab00000,0x00000000f0b00000,0x00000000f0b00000)
  from space 37376K, 43% used [0x00000000f2e00000,0x00000000f3e0ea48,0x00000000f5280000)
  to   space 35840K, 0% used [0x00000000f0b00000,0x00000000f0b00000,0x00000000f2e00000)
 ParOldGen       total 76288K, used 20268K [0x00000000c0000000, 0x00000000c4a80000, 0x00000000eab00000)
  object space 76288K, 26% used [0x00000000c0000000,0x00000000c13cb270,0x00000000c4a80000)
 Metaspace       used 4755K, capacity 5464K, committed 5760K, reserved 1056768K
  class space    used 497K, capacity 528K, committed 640K, reserved 1048576K

