# JRE version: Java(TM) SE Runtime Environment (8.0_74-b02) (build 1.8.0_74-b02)
# Java VM: Java HotSpot(TM) 64-Bit Server VM (25.74-b02 mixed mode linux-amd64 compressed oops)
Heap:
 PSYoungGen      total 151040K, used 12665K [0x00000000eab00000, 0x00000000f5f80000, 0x0000000100000000)
  eden space 117248K, 0% used [0x00000000eab00000,0x00000000eab00000,0x00000000f1d80000)
  from space 33792K, 37% used [0x00000000f1d80000,0x00000000f29de588,0x00000000f3e80000)
  to   space 29696K, 0% used [0x00000000f4280000,0x00000000f4280000,0x00000000f5f80000)
 ParOldGen       total 73728K, used 20290K [0x00000000c0000000, 0x00000000c4800000, 0x00000000eab00000)
  object space 73728K, 27% used [0x00000000c0000000,0x00000000c13d0938,0x00000000c4800000)
 Metaspace       used 4778K, capacity 5464K, committed 5760K, reserved 1056768K
  class space    used 497K, capacity 528K, committed 640K, reserved 1048576K
GC Heap History (10 events):
Event: 4.414 GC heap after
Heap after GC invocations=3 (full 0):
 PSYoungGen      total 33280K, used 2551K [0x00000000eab00000, 0x00000000eec00000, 0x0000000100000000)
  eden space 30720K, 0% used [0x00000000eab00000,0x00000000eab00000,0x00000000ec900000)
  from space 2560K, 99% used [0x00000000ec900000,0x00000000ecb7dd38,0x00000000ecb80000)
  to   space 2560K, 0% used [0x00000000ee980000,0x00000000ee980000,0x00000000eec00000)
 ParOldGen       total 50176K, used 43813K [0x00000000c0000000, 0x00000000c3100000, 0x00000000eab00000)
  object space 50176K, 87% used [0x00000000c0000000,0x00000000c2ac9670,0x00000000c3100000)
 Metaspace       used 3835K, capacity 4944K, committed 5120K, reserved 1056768K
  class space    used 406K, capacity 456K, committed 512K, reserved 1048576K
}
Event: 4.419 GC heap before
{Heap before GC invocations=4 (full 1):
 PSYoungGen      total 33280K, used 2551K [0x00000000eab00000, 0x00000000eec00000, 0x0000000100000000)
  eden space 30720K, 0% used [0x00000000eab00000,0x00000000eab00000,0x00000000ec900000)
  from space 2560K, 99% used [0x00000000ec900000,0x00000000ecb7dd38,0x00000000ecb80000)
  to   space 2560K, 0% used [0x00000000ee980000,0x00000000ee980000,0x00000000eec00000)
 ParOldGen       total 50176K, used 43813K [0x00000000c0000000, 0x00000000c3100000, 0x00000000eab00000)
  object space 50176K, 87% used [0x00000000c0000000,0x00000000c2ac9670,0x00000000c3100000)
 Metaspace       used 3835K, capacity 4944K, committed 5120K, reserved 1056768K
  class space    used 406K, capacity 456K, committed 512K, reserved 1048576K
Event: 4.464 GC heap after
Heap after GC invocations=4 (full 1):
 PSYoungGen      total 33280K, used 0K [0x00000000eab00000, 0x00000000eec00000, 0x0000000100000000)
  eden space 30720K, 0% used [0x00000000eab00000,0x00000000eab00000,0x00000000ec900000)
  from space 2560K, 0% used [0x00000000ec900000,0x00000000ec900000,0x00000000ecb80000)
  to   space 2560K, 0% used [0x00000000ee980000,0x00000000ee980000,0x00000000eec00000)
 ParOldGen       total 73728K, used 18782K [0x00000000c0000000, 0x00000000c4800000, 0x00000000eab00000)
  object space 73728K, 25% used [0x00000000c0000000,0x00000000c1257970,0x00000000c4800000)
 Metaspace       used 3835K, capacity 4944K, committed 5120K, reserved 1056768K
  class space    used 406K, capacity 456K, committed 512K, reserved 1048576K
}
Event: 4.951 GC heap before
{Heap before GC invocations=5 (full 1):
 PSYoungGen      total 33280K, used 30720K [0x00000000eab00000, 0x00000000eec00000, 0x0000000100000000)
  eden space 30720K, 100% used [0x00000000eab00000,0x00000000ec900000,0x00000000ec900000)
  from space 2560K, 0% used [0x00000000ec900000,0x00000000ec900000,0x00000000ecb80000)
  to   space 2560K, 0% used [0x00000000ee980000,0x00000000ee980000,0x00000000eec00000)
 ParOldGen       total 73728K, used 18782K [0x00000000c0000000, 0x00000000c4800000, 0x00000000eab00000)
  object space 73728K, 25% used [0x00000000c0000000,0x00000000c1257970,0x00000000c4800000)
 Metaspace       used 3945K, capacity 5008K, committed 5120K, reserved 1056768K
  class space    used 412K, capacity 456K, committed 512K, reserved 1048576K
Event: 4.966 GC heap after
Heap after GC invocations=5 (full 1):
 PSYoungGen      total 61952K, used 928K [0x00000000eab00000, 0x00000000eeb00000, 0x0000000100000000)
  eden space 60416K, 0% used [0x00000000eab00000,0x00000000eab00000,0x00000000ee600000)
  from space 1536K, 60% used [0x00000000ee980000,0x00000000eea68000,0x00000000eeb00000)
  to   space 2560K, 0% used [0x00000000ee600000,0x00000000ee600000,0x00000000ee880000)
 ParOldGen       total 73728K, used 18790K [0x00000000c0000000, 0x00000000c4800000, 0x00000000eab00000)
  object space 73728K, 25% used [0x00000000c0000000,0x00000000c1259970,0x00000000c4800000)
 Metaspace       used 3945K, capacity 5008K, committed 5120K, reserved 1056768K
  class space    used 412K, capacity 456K, committed 512K, reserved 1048576K
}
Event: 6.130 GC heap before
{Heap before GC invocations=6 (full 1):
 PSYoungGen      total 61952K, used 61344K [0x00000000eab00000, 0x00000000eeb00000, 0x0000000100000000)
  eden space 60416K, 100% used [0x00000000eab00000,0x00000000ee600000,0x00000000ee600000)
  from space 1536K, 60% used [0x00000000ee980000,0x00000000eea68000,0x00000000eeb00000)
  to   space 2560K, 0% used [0x00000000ee600000,0x00000000ee600000,0x00000000ee880000)
 ParOldGen       total 73728K, used 18790K [0x00000000c0000000, 0x00000000c4800000, 0x00000000eab00000)
  object space 73728K, 25% used [0x00000000c0000000,0x00000000c1259970,0x00000000c4800000)
 Metaspace       used 4436K, capacity 5424K, committed 5632K, reserved 1056768K
  class space    used 460K, capacity 488K, committed 512K, reserved 1048576K
Event: 6.152 GC heap after
Heap after GC invocations=6 (full 1):
 PSYoungGen      total 62976K, used 2528K [0x00000000eab00000, 0x00000000f6700000, 0x0000000100000000)
  eden space 60416K, 0% used [0x00000000eab00000,0x00000000eab00000,0x00000000ee600000)
  from space 2560K, 98% used [0x00000000ee600000,0x00000000ee878018,0x00000000ee880000)
  to   space 37376K, 0% used [0x00000000f4280000,0x00000000f4280000,0x00000000f6700000)
 ParOldGen       total 73728K, used 20282K [0x00000000c0000000, 0x00000000c4800000, 0x00000000eab00000)
  object space 73728K, 27% used [0x00000000c0000000,0x00000000c13ce938,0x00000000c4800000)
 Metaspace       used 4436K, capacity 5424K, committed 5632K, reserved 1056768K
  class space    used 460K, capacity 488K, committed 512K, reserved 1048576K
}
Event: 6.978 GC heap before
{Heap before GC invocations=7 (full 1):
 PSYoungGen      total 62976K, used 62944K [0x00000000eab00000, 0x00000000f6700000, 0x0000000100000000)
  eden space 60416K, 100% used [0x00000000eab00000,0x00000000ee600000,0x00000000ee600000)
  from space 2560K, 98% used [0x00000000ee600000,0x00000000ee878018,0x00000000ee880000)
  to   space 37376K, 0% used [0x00000000f4280000,0x00000000f4280000,0x00000000f6700000)
 ParOldGen       total 73728K, used 20282K [0x00000000c0000000, 0x00000000c4800000, 0x00000000eab00000)
  object space 73728K, 27% used [0x00000000c0000000,0x00000000c13ce938,0x00000000c4800000)
 Metaspace       used 4764K, capacity 5464K, committed 5760K, reserved 1056768K
  class space    used 496K, capacity 528K, committed 640K, reserved 1048576K
Event: 7.018 GC heap after
Heap after GC invocations=7 (full 1):
 PSYoungGen      total 146944K, used 9562K [0x00000000eab00000, 0x00000000f5f80000, 0x0000000100000000)
  eden space 117248K, 0% used [0x00000000eab00000,0x00000000eab00000,0x00000000f1d80000)
  from space 29696K, 32% used [0x00000000f4280000,0x00000000f4bd6a58,0x00000000f5f80000)
  to   space 33792K, 0% used [0x00000000f1d80000,0x00000000f1d80000,0x00000000f3e80000)
 ParOldGen       total 73728K, used 20290K [0x00000000c0000000, 0x00000000c4800000, 0x00000000eab00000)
  object space 73728K, 27% used [0x00000000c0000000,0x00000000c13d0938,0x00000000c4800000)
 Metaspace       used 4764K, capacity 5464K, committed 5760K, reserved 1056768K
  class space    used 496K, capacity 528K, committed 640K, reserved 1048576K
}
Event: 7.665 GC heap before
{Heap before GC invocations=8 (full 1):
 PSYoungGen      total 146944K, used 126810K [0x00000000eab00000, 0x00000000f5f80000, 0x0000000100000000)
  eden space 117248K, 100% used [0x00000000eab00000,0x00000000f1d80000,0x00000000f1d80000)
  from space 29696K, 32% used [0x00000000f4280000,0x00000000f4bd6a58,0x00000000f5f80000)
  to   space 33792K, 0% used [0x00000000f1d80000,0x00000000f1d80000,0x00000000f3e80000)
 ParOldGen       total 73728K, used 20290K [0x00000000c0000000, 0x00000000c4800000, 0x00000000eab00000)
  object space 73728K, 27% used [0x00000000c0000000,0x00000000c13d0938,0x00000000c4800000)
 Metaspace       used 4778K, capacity 5464K, committed 5760K, reserved 1056768K
  class space    used 497K, capacity 528K, committed 640K, reserved 1048576K

