# JRE version: Java(TM) SE Runtime Environment (8.0_91-b14) (build 1.8.0_91-b14)
# Java VM: Java HotSpot(TM) 64-Bit Server VM (25.91-b14 mixed mode linux-amd64 compressed oops)
Heap:
 PSYoungGen      total 124928K, used 26712K [0x00000000eab00000, 0x00000000f6500000, 0x0000000100000000)
  eden space 80384K, 0% used [0x00000000eab00000,0x00000000eab00000,0x00000000ef980000)
  from space 44544K, 59% used [0x00000000ef980000,0x00000000f13963a8,0x00000000f2500000)
  to   space 37888K, 0% used [0x00000000f2500000,0x00000000f2500000,0x00000000f4a00000)
 ParOldGen       total 77312K, used 20296K [0x00000000c0000000, 0x00000000c4b80000, 0x00000000eab00000)
  object space 77312K, 26% used [0x00000000c0000000,0x00000000c13d2138,0x00000000c4b80000)
 Metaspace       used 4765K, capacity 5464K, committed 5760K, reserved 1056768K
  class space    used 497K, capacity 528K, committed 640K, reserved 1048576K
GC Heap History (10 events):
Event: 0.491 GC heap after
Heap after GC invocations=3 (full 0):
 PSYoungGen      total 33280K, used 2549K [0x00000000eab00000, 0x00000000eec00000, 0x0000000100000000)
  eden space 30720K, 0% used [0x00000000eab00000,0x00000000eab00000,0x00000000ec900000)
  from space 2560K, 99% used [0x00000000ec900000,0x00000000ecb7d5f0,0x00000000ecb80000)
  to   space 2560K, 0% used [0x00000000ee980000,0x00000000ee980000,0x00000000eec00000)
 ParOldGen       total 50176K, used 44129K [0x00000000c0000000, 0x00000000c3100000, 0x00000000eab00000)
  object space 50176K, 87% used [0x00000000c0000000,0x00000000c2b18718,0x00000000c3100000)
 Metaspace       used 3839K, capacity 4944K, committed 5120K, reserved 1056768K
  class space    used 406K, capacity 456K, committed 512K, reserved 1048576K
}
Event: 0.491 GC heap before
{Heap before GC invocations=4 (full 1):
 PSYoungGen      total 33280K, used 2549K [0x00000000eab00000, 0x00000000eec00000, 0x0000000100000000)
  eden space 30720K, 0% used [0x00000000eab00000,0x00000000eab00000,0x00000000ec900000)
  from space 2560K, 99% used [0x00000000ec900000,0x00000000ecb7d5f0,0x00000000ecb80000)
  to   space 2560K, 0% used [0x00000000ee980000,0x00000000ee980000,0x00000000eec00000)
 ParOldGen       total 50176K, used 44129K [0x00000000c0000000, 0x00000000c3100000, 0x00000000eab00000)
  object space 50176K, 87% used [0x00000000c0000000,0x00000000c2b18718,0x00000000c3100000)
 Metaspace       used 3839K, capacity 4944K, committed 5120K, reserved 1056768K
  class space    used 406K, capacity 456K, committed 512K, reserved 1048576K
Event: 0.505 GC heap after
Heap after GC invocations=4 (full 1):
 PSYoungGen      total 33280K, used 0K [0x00000000eab00000, 0x00000000eec00000, 0x0000000100000000)
  eden space 30720K, 0% used [0x00000000eab00000,0x00000000eab00000,0x00000000ec900000)
  from space 2560K, 0% used [0x00000000ec900000,0x00000000ec900000,0x00000000ecb80000)
  to   space 2560K, 0% used [0x00000000ee980000,0x00000000ee980000,0x00000000eec00000)
 ParOldGen       total 77312K, used 18552K [0x00000000c0000000, 0x00000000c4b80000, 0x00000000eab00000)
  object space 77312K, 23% used [0x00000000c0000000,0x00000000c121e148,0x00000000c4b80000)
 Metaspace       used 3839K, capacity 4944K, committed 5120K, reserved 1056768K
  class space    used 406K, capacity 456K, committed 512K, reserved 1048576K
}
Event: 0.725 GC heap before
{Heap before GC invocations=5 (full 1):
 PSYoungGen      total 33280K, used 30720K [0x00000000eab00000, 0x00000000eec00000, 0x0000000100000000)
  eden space 30720K, 100% used [0x00000000eab00000,0x00000000ec900000,0x00000000ec900000)
  from space 2560K, 0% used [0x00000000ec900000,0x00000000ec900000,0x00000000ecb80000)
  to   space 2560K, 0% used [0x00000000ee980000,0x00000000ee980000,0x00000000eec00000)
 ParOldGen       total 77312K, used 18552K [0x00000000c0000000, 0x00000000c4b80000, 0x00000000eab00000)
  object space 77312K, 23% used [0x00000000c0000000,0x00000000c121e148,0x00000000c4b80000)
 Metaspace       used 3938K, capacity 5008K, committed 5120K, reserved 1056768K
  class space    used 412K, capacity 456K, committed 512K, reserved 1048576K
Event: 0.731 GC heap after
Heap after GC invocations=5 (full 1):
 PSYoungGen      total 53248K, used 928K [0x00000000eab00000, 0x00000000eea80000, 0x0000000100000000)
  eden space 52224K, 0% used [0x00000000eab00000,0x00000000eab00000,0x00000000ede00000)
  from space 1024K, 90% used [0x00000000ee980000,0x00000000eea68000,0x00000000eea80000)
  to   space 2560K, 0% used [0x00000000ee580000,0x00000000ee580000,0x00000000ee800000)
 ParOldGen       total 77312K, used 18560K [0x00000000c0000000, 0x00000000c4b80000, 0x00000000eab00000)
  object space 77312K, 24% used [0x00000000c0000000,0x00000000c1220148,0x00000000c4b80000)
 Metaspace       used 3938K, capacity 5008K, committed 5120K, reserved 1056768K
  class space    used 412K, capacity 456K, committed 512K, reserved 1048576K
}
Event: 1.387 GC heap before
{Heap before GC invocations=6 (full 1):
 PSYoungGen      total 53248K, used 53152K [0x00000000eab00000, 0x00000000eea80000, 0x0000000100000000)
  eden space 52224K, 100% used [0x00000000eab00000,0x00000000ede00000,0x00000000ede00000)
  from space 1024K, 90% used [0x00000000ee980000,0x00000000eea68000,0x00000000eea80000)
  to   space 2560K, 0% used [0x00000000ee580000,0x00000000ee580000,0x00000000ee800000)
 ParOldGen       total 77312K, used 18560K [0x00000000c0000000, 0x00000000c4b80000, 0x00000000eab00000)
  object space 77312K, 24% used [0x00000000c0000000,0x00000000c1220148,0x00000000c4b80000)
 Metaspace       used 4423K, capacity 5424K, committed 5632K, reserved 1056768K
  class space    used 460K, capacity 488K, committed 512K, reserved 1048576K
Event: 1.401 GC heap after
Heap after GC invocations=6 (full 1):
 PSYoungGen      total 62464K, used 2558K [0x00000000eab00000, 0x00000000f4a00000, 0x0000000100000000)
  eden space 59904K, 0% used [0x00000000eab00000,0x00000000eab00000,0x00000000ee580000)
  from space 2560K, 99% used [0x00000000ee580000,0x00000000ee7ffb10,0x00000000ee800000)
  to   space 37888K, 0% used [0x00000000f2500000,0x00000000f2500000,0x00000000f4a00000)
 ParOldGen       total 77312K, used 20024K [0x00000000c0000000, 0x00000000c4b80000, 0x00000000eab00000)
  object space 77312K, 25% used [0x00000000c0000000,0x00000000c138e120,0x00000000c4b80000)
 Metaspace       used 4423K, capacity 5424K, committed 5632K, reserved 1056768K
  class space    used 460K, capacity 488K, committed 512K, reserved 1048576K
}
Event: 1.814 GC heap before
{Heap before GC invocations=7 (full 1):
 PSYoungGen      total 62464K, used 62462K [0x00000000eab00000, 0x00000000f4a00000, 0x0000000100000000)
  eden space 59904K, 100% used [0x00000000eab00000,0x00000000ee580000,0x00000000ee580000)
  from space 2560K, 99% used [0x00000000ee580000,0x00000000ee7ffb10,0x00000000ee800000)
  to   space 37888K, 0% used [0x00000000f2500000,0x00000000f2500000,0x00000000f4a00000)
 ParOldGen       total 77312K, used 20024K [0x00000000c0000000, 0x00000000c4b80000, 0x00000000eab00000)
  object space 77312K, 25% used [0x00000000c0000000,0x00000000c138e120,0x00000000c4b80000)
 Metaspace       used 4750K, capacity 5464K, committed 5760K, reserved 1056768K
  class space    used 496K, capacity 528K, committed 640K, reserved 1048576K
Event: 1.853 GC heap after
Heap after GC invocations=7 (full 1):
 PSYoungGen      total 118272K, used 30683K [0x00000000eab00000, 0x00000000f6500000, 0x0000000100000000)
  eden space 80384K, 0% used [0x00000000eab00000,0x00000000eab00000,0x00000000ef980000)
  from space 37888K, 80% used [0x00000000f2500000,0x00000000f42f6d48,0x00000000f4a00000)
  to   space 44544K, 0% used [0x00000000ef980000,0x00000000ef980000,0x00000000f2500000)
 ParOldGen       total 77312K, used 20288K [0x00000000c0000000, 0x00000000c4b80000, 0x00000000eab00000)
  object space 77312K, 26% used [0x00000000c0000000,0x00000000c13d0138,0x00000000c4b80000)
 Metaspace       used 4750K, capacity 5464K, committed 5760K, reserved 1056768K
  class space    used 496K, capacity 528K, committed 640K, reserved 1048576K
}
Event: 2.222 GC heap before
{Heap before GC invocations=8 (full 1):
 PSYoungGen      total 118272K, used 111067K [0x00000000eab00000, 0x00000000f6500000, 0x0000000100000000)
  eden space 80384K, 100% used [0x00000000eab00000,0x00000000ef980000,0x00000000ef980000)
  from space 37888K, 80% used [0x00000000f2500000,0x00000000f42f6d48,0x00000000f4a00000)
  to   space 44544K, 0% used [0x00000000ef980000,0x00000000ef980000,0x00000000f2500000)
 ParOldGen       total 77312K, used 20288K [0x00000000c0000000, 0x00000000c4b80000, 0x00000000eab00000)
  object space 77312K, 26% used [0x00000000c0000000,0x00000000c13d0138,0x00000000c4b80000)
 Metaspace       used 4765K, capacity 5464K, committed 5760K, reserved 1056768K
  class space    used 497K, capacity 528K, committed 640K, reserved 1048576K

